{"C:\\Users\\142052\\OneDrive - Garrett Advancing Motion\\Documents\\Cursor Project\\artha-v4\\src\\lib\\allocationPlanner.ts": {"path":"C:\\Users\\142052\\OneDrive - Garrett Advancing Motion\\Documents\\Cursor Project\\artha-v4\\src\\lib\\allocationPlanner.ts","statementMap":{"0":{"start":{"line":20,"column":2},"end":{"line":20,"column":null}},"1":{"start":{"line":24,"column":15},"end":{"line":24,"column":null}},"2":{"start":{"line":25,"column":2},"end":{"line":27,"column":null}},"3":{"start":{"line":26,"column":14},"end":{"line":26,"column":30}},"4":{"start":{"line":27,"column":4},"end":{"line":27,"column":null}},"5":{"start":{"line":27,"column":73},"end":{"line":27,"column":null}},"6":{"start":{"line":29,"column":18},"end":{"line":29,"column":null}},"7":{"start":{"line":30,"column":2},"end":{"line":31,"column":null}},"8":{"start":{"line":31,"column":4},"end":{"line":31,"column":null}},"9":{"start":{"line":31,"column":21},"end":{"line":31,"column":null}},"10":{"start":{"line":33,"column":2},"end":{"line":33,"column":null}},"11":{"start":{"line":33,"column":23},"end":{"line":33,"column":null}},"12":{"start":{"line":34,"column":2},"end":{"line":34,"column":null}},"13":{"start":{"line":38,"column":10},"end":{"line":38,"column":null}},"14":{"start":{"line":39,"column":2},"end":{"line":47,"column":null}},"15":{"start":{"line":40,"column":4},"end":{"line":40,"column":null}},"16":{"start":{"line":40,"column":19},"end":{"line":40,"column":null}},"17":{"start":{"line":41,"column":4},"end":{"line":41,"column":null}},"18":{"start":{"line":41,"column":38},"end":{"line":41,"column":null}},"19":{"start":{"line":42,"column":4},"end":{"line":42,"column":null}},"20":{"start":{"line":42,"column":27},"end":{"line":42,"column":null}},"21":{"start":{"line":43,"column":14},"end":{"line":43,"column":39}},"22":{"start":{"line":44,"column":4},"end":{"line":47,"column":null}},"23":{"start":{"line":44,"column":25},"end":{"line":44,"column":null}},"24":{"start":{"line":45,"column":13},"end":{"line":47,"column":null}},"25":{"start":{"line":45,"column":32},"end":{"line":45,"column":null}},"26":{"start":{"line":46,"column":13},"end":{"line":47,"column":null}},"27":{"start":{"line":46,"column":29},"end":{"line":46,"column":null}},"28":{"start":{"line":47,"column":13},"end":{"line":47,"column":null}},"29":{"start":{"line":47,"column":31},"end":{"line":47,"column":null}},"30":{"start":{"line":49,"column":2},"end":{"line":49,"column":null}},"31":{"start":{"line":53,"column":14},"end":{"line":53,"column":27}},"32":{"start":{"line":54,"column":2},"end":{"line":54,"column":null}},"33":{"start":{"line":55,"column":16},"end":{"line":55,"column":null}},"34":{"start":{"line":56,"column":2},"end":{"line":63,"column":null}},"35":{"start":{"line":57,"column":4},"end":{"line":57,"column":null}},"36":{"start":{"line":57,"column":34},"end":{"line":57,"column":null}},"37":{"start":{"line":58,"column":15},"end":{"line":58,"column":37}},"38":{"start":{"line":59,"column":4},"end":{"line":59,"column":null}},"39":{"start":{"line":59,"column":30},"end":{"line":59,"column":null}},"40":{"start":{"line":60,"column":17},"end":{"line":60,"column":82}},"41":{"start":{"line":61,"column":19},"end":{"line":61,"column":41}},"42":{"start":{"line":62,"column":17},"end":{"line":62,"column":59}},"43":{"start":{"line":63,"column":4},"end":{"line":63,"column":null}},"44":{"start":{"line":65,"column":2},"end":{"line":65,"column":null}},"45":{"start":{"line":80,"column":12},"end":{"line":80,"column":22}},"46":{"start":{"line":81,"column":12},"end":{"line":81,"column":58}},"47":{"start":{"line":82,"column":2},"end":{"line":82,"column":null}},"48":{"start":{"line":86,"column":18},"end":{"line":86,"column":83}},"49":{"start":{"line":87,"column":2},"end":{"line":88,"column":null}},"50":{"start":{"line":88,"column":4},"end":{"line":88,"column":null}},"51":{"start":{"line":90,"column":13},"end":{"line":90,"column":null}},"52":{"start":{"line":91,"column":18},"end":{"line":91,"column":59}},"53":{"start":{"line":91,"column":43},"end":{"line":91,"column":58}},"54":{"start":{"line":92,"column":14},"end":{"line":92,"column":37}},"55":{"start":{"line":94,"column":75},"end":{"line":102,"column":4}},"56":{"start":{"line":104,"column":22},"end":{"line":104,"column":66}},"57":{"start":{"line":105,"column":16},"end":{"line":105,"column":45}},"58":{"start":{"line":106,"column":25},"end":{"line":106,"column":58}},"59":{"start":{"line":108,"column":18},"end":{"line":110,"column":42}},"60":{"start":{"line":109,"column":19},"end":{"line":109,"column":60}},"61":{"start":{"line":110,"column":22},"end":{"line":110,"column":40}},"62":{"start":{"line":111,"column":22},"end":{"line":111,"column":null}},"63":{"start":{"line":112,"column":14},"end":{"line":112,"column":48}},"64":{"start":{"line":113,"column":25},"end":{"line":113,"column":null}},"65":{"start":{"line":115,"column":21},"end":{"line":115,"column":null}},"66":{"start":{"line":117,"column":16},"end":{"line":117,"column":null}},"67":{"start":{"line":118,"column":16},"end":{"line":118,"column":null}},"68":{"start":{"line":119,"column":16},"end":{"line":119,"column":null}},"69":{"start":{"line":121,"column":14},"end":{"line":121,"column":24}},"70":{"start":{"line":122,"column":40},"end":{"line":122,"column":42}},"71":{"start":{"line":123,"column":10},"end":{"line":123,"column":null}},"72":{"start":{"line":124,"column":8},"end":{"line":131,"column":null}},"73":{"start":{"line":125,"column":4},"end":{"line":125,"column":null}},"74":{"start":{"line":126,"column":4},"end":{"line":131,"column":null}},"75":{"start":{"line":134,"column":2},"end":{"line":210,"column":null}},"76":{"start":{"line":135,"column":4},"end":{"line":139,"column":null}},"77":{"start":{"line":141,"column":21},"end":{"line":141,"column":null}},"78":{"start":{"line":142,"column":21},"end":{"line":142,"column":null}},"79":{"start":{"line":143,"column":21},"end":{"line":143,"column":null}},"80":{"start":{"line":145,"column":16},"end":{"line":145,"column":86}},"81":{"start":{"line":145,"column":37},"end":{"line":145,"column":86}},"82":{"start":{"line":146,"column":18},"end":{"line":148,"column":null}},"83":{"start":{"line":147,"column":21},"end":{"line":147,"column":84}},"84":{"start":{"line":148,"column":16},"end":{"line":148,"column":54}},"85":{"start":{"line":149,"column":4},"end":{"line":175,"column":null}},"86":{"start":{"line":150,"column":12},"end":{"line":150,"column":44}},"87":{"start":{"line":151,"column":22},"end":{"line":151,"column":null}},"88":{"start":{"line":152,"column":6},"end":{"line":167,"column":null}},"89":{"start":{"line":152,"column":23},"end":{"line":167,"column":null}},"90":{"start":{"line":155,"column":8},"end":{"line":160,"column":null}},"91":{"start":{"line":162,"column":8},"end":{"line":167,"column":null}},"92":{"start":{"line":169,"column":15},"end":{"line":175,"column":null}},"93":{"start":{"line":170,"column":6},"end":{"line":175,"column":null}},"94":{"start":{"line":178,"column":16},"end":{"line":178,"column":85}},"95":{"start":{"line":178,"column":37},"end":{"line":178,"column":85}},"96":{"start":{"line":179,"column":18},"end":{"line":181,"column":null}},"97":{"start":{"line":180,"column":21},"end":{"line":180,"column":44}},"98":{"start":{"line":181,"column":16},"end":{"line":181,"column":54}},"99":{"start":{"line":182,"column":4},"end":{"line":195,"column":null}},"100":{"start":{"line":183,"column":6},"end":{"line":188,"column":null}},"101":{"start":{"line":189,"column":15},"end":{"line":195,"column":null}},"102":{"start":{"line":190,"column":6},"end":{"line":195,"column":null}},"103":{"start":{"line":198,"column":4},"end":{"line":203,"column":null}},"104":{"start":{"line":199,"column":6},"end":{"line":203,"column":null}},"105":{"start":{"line":205,"column":4},"end":{"line":210,"column":null}},"106":{"start":{"line":206,"column":6},"end":{"line":210,"column":null}},"107":{"start":{"line":214,"column":2},"end":{"line":222,"column":null}},"108":{"start":{"line":229,"column":12},"end":{"line":229,"column":52}},"109":{"start":{"line":230,"column":2},"end":{"line":242,"column":null}},"110":{"start":{"line":246,"column":2},"end":{"line":246,"column":null}},"111":{"start":{"line":250,"column":2},"end":{"line":250,"column":null}}},"fnMap":{"0":{"name":"monthYearFrom","decl":{"start":{"line":19,"column":9},"end":{"line":19,"column":23}},"loc":{"start":{"line":19,"column":40},"end":{"line":20,"column":null}},"line":19},"1":{"name":"monthlyIncomeCzk","decl":{"start":{"line":23,"column":16},"end":{"line":23,"column":33}},"loc":{"start":{"line":23,"column":108},"end":{"line":34,"column":null}},"line":23},"2":{"name":"monthlyFixedCzk","decl":{"start":{"line":37,"column":16},"end":{"line":37,"column":32}},"loc":{"start":{"line":37,"column":85},"end":{"line":49,"column":null}},"line":37},"3":{"name":"reservedForEventsCzk","decl":{"start":{"line":52,"column":16},"end":{"line":52,"column":37}},"loc":{"start":{"line":52,"column":81},"end":{"line":65,"column":null}},"line":52},"4":{"name":"nextMonthYearString","decl":{"start":{"line":79,"column":16},"end":{"line":79,"column":46}},"loc":{"start":{"line":79,"column":46},"end":{"line":82,"column":null}},"line":79},"5":{"name":"buildMonthlyPlanPayload","decl":{"start":{"line":85,"column":22},"end":{"line":85,"column":46}},"loc":{"start":{"line":85,"column":94},"end":{"line":222,"column":null}},"line":85},"6":{"name":"(anonymous_6)","decl":{"start":{"line":91,"column":32},"end":{"line":91,"column":37}},"loc":{"start":{"line":91,"column":43},"end":{"line":91,"column":58}},"line":91},"7":{"name":"(anonymous_7)","decl":{"start":{"line":109,"column":5},"end":{"line":109,"column":13}},"loc":{"start":{"line":109,"column":19},"end":{"line":109,"column":60}},"line":109},"8":{"name":"(anonymous_8)","decl":{"start":{"line":110,"column":5},"end":{"line":110,"column":13}},"loc":{"start":{"line":110,"column":22},"end":{"line":110,"column":40}},"line":110},"9":{"name":"(anonymous_9)","decl":{"start":{"line":124,"column":8},"end":{"line":124,"column":15}},"loc":{"start":{"line":124,"column":86},"end":{"line":131,"column":null}},"line":124},"10":{"name":"(anonymous_10)","decl":{"start":{"line":145,"column":25},"end":{"line":145,"column":31}},"loc":{"start":{"line":145,"column":37},"end":{"line":145,"column":86}},"line":145},"11":{"name":"(anonymous_11)","decl":{"start":{"line":147,"column":7},"end":{"line":147,"column":15}},"loc":{"start":{"line":147,"column":21},"end":{"line":147,"column":84}},"line":147},"12":{"name":"(anonymous_12)","decl":{"start":{"line":148,"column":7},"end":{"line":148,"column":13}},"loc":{"start":{"line":148,"column":16},"end":{"line":148,"column":54}},"line":148},"13":{"name":"(anonymous_13)","decl":{"start":{"line":178,"column":25},"end":{"line":178,"column":31}},"loc":{"start":{"line":178,"column":37},"end":{"line":178,"column":85}},"line":178},"14":{"name":"(anonymous_14)","decl":{"start":{"line":180,"column":7},"end":{"line":180,"column":15}},"loc":{"start":{"line":180,"column":21},"end":{"line":180,"column":44}},"line":180},"15":{"name":"(anonymous_15)","decl":{"start":{"line":181,"column":7},"end":{"line":181,"column":13}},"loc":{"start":{"line":181,"column":16},"end":{"line":181,"column":54}},"line":181},"16":{"name":"generateMonthlyPlan","decl":{"start":{"line":225,"column":22},"end":{"line":225,"column":null}},"loc":{"start":{"line":228,"column":27},"end":{"line":242,"column":null}},"line":228},"17":{"name":"currentMonthYear","decl":{"start":{"line":245,"column":16},"end":{"line":245,"column":43}},"loc":{"start":{"line":245,"column":43},"end":{"line":246,"column":null}},"line":245},"18":{"name":"getPlanForMonth","decl":{"start":{"line":249,"column":22},"end":{"line":249,"column":38}},"loc":{"start":{"line":249,"column":57},"end":{"line":250,"column":null}},"line":249}},"branchMap":{"0":{"loc":{"start":{"line":27,"column":4},"end":{"line":27,"column":null}},"type":"if","locations":[{"start":{"line":27,"column":4},"end":{"line":27,"column":null}},{"start":{},"end":{}}],"line":27},"1":{"loc":{"start":{"line":27,"column":8},"end":{"line":27,"column":73}},"type":"binary-expr","locations":[{"start":{"line":27,"column":8},"end":{"line":27,"column":24}},{"start":{"line":27,"column":24},"end":{"line":27,"column":49}},{"start":{"line":27,"column":49},"end":{"line":27,"column":73}}],"line":27},"2":{"loc":{"start":{"line":31,"column":4},"end":{"line":31,"column":null}},"type":"if","locations":[{"start":{"line":31,"column":4},"end":{"line":31,"column":null}},{"start":{},"end":{}}],"line":31},"3":{"loc":{"start":{"line":33,"column":2},"end":{"line":33,"column":null}},"type":"if","locations":[{"start":{"line":33,"column":2},"end":{"line":33,"column":null}},{"start":{},"end":{}}],"line":33},"4":{"loc":{"start":{"line":40,"column":4},"end":{"line":40,"column":null}},"type":"if","locations":[{"start":{"line":40,"column":4},"end":{"line":40,"column":null}},{"start":{},"end":{}}],"line":40},"5":{"loc":{"start":{"line":41,"column":4},"end":{"line":41,"column":null}},"type":"if","locations":[{"start":{"line":41,"column":4},"end":{"line":41,"column":null}},{"start":{},"end":{}}],"line":41},"6":{"loc":{"start":{"line":41,"column":8},"end":{"line":41,"column":38}},"type":"binary-expr","locations":[{"start":{"line":41,"column":8},"end":{"line":41,"column":21}},{"start":{"line":41,"column":21},"end":{"line":41,"column":38}}],"line":41},"7":{"loc":{"start":{"line":42,"column":4},"end":{"line":42,"column":null}},"type":"if","locations":[{"start":{"line":42,"column":4},"end":{"line":42,"column":null}},{"start":{},"end":{}}],"line":42},"8":{"loc":{"start":{"line":44,"column":4},"end":{"line":47,"column":null}},"type":"if","locations":[{"start":{"line":44,"column":4},"end":{"line":47,"column":null}},{"start":{"line":45,"column":13},"end":{"line":47,"column":null}}],"line":44},"9":{"loc":{"start":{"line":45,"column":13},"end":{"line":47,"column":null}},"type":"if","locations":[{"start":{"line":45,"column":13},"end":{"line":47,"column":null}},{"start":{"line":46,"column":13},"end":{"line":47,"column":null}}],"line":45},"10":{"loc":{"start":{"line":46,"column":13},"end":{"line":47,"column":null}},"type":"if","locations":[{"start":{"line":46,"column":13},"end":{"line":47,"column":null}},{"start":{"line":47,"column":13},"end":{"line":47,"column":null}}],"line":46},"11":{"loc":{"start":{"line":47,"column":13},"end":{"line":47,"column":null}},"type":"if","locations":[{"start":{"line":47,"column":13},"end":{"line":47,"column":null}},{"start":{},"end":{}}],"line":47},"12":{"loc":{"start":{"line":57,"column":4},"end":{"line":57,"column":null}},"type":"if","locations":[{"start":{"line":57,"column":4},"end":{"line":57,"column":null}},{"start":{},"end":{}}],"line":57},"13":{"loc":{"start":{"line":59,"column":4},"end":{"line":59,"column":null}},"type":"if","locations":[{"start":{"line":59,"column":4},"end":{"line":59,"column":null}},{"start":{},"end":{}}],"line":59},"14":{"loc":{"start":{"line":59,"column":8},"end":{"line":59,"column":30}},"type":"binary-expr","locations":[{"start":{"line":59,"column":8},"end":{"line":59,"column":20}},{"start":{"line":59,"column":20},"end":{"line":59,"column":30}}],"line":59},"15":{"loc":{"start":{"line":87,"column":2},"end":{"line":88,"column":null}},"type":"if","locations":[{"start":{"line":87,"column":2},"end":{"line":88,"column":null}},{"start":{},"end":{}}],"line":87},"16":{"loc":{"start":{"line":109,"column":19},"end":{"line":109,"column":60}},"type":"binary-expr","locations":[{"start":{"line":109,"column":19},"end":{"line":109,"column":43}},{"start":{"line":109,"column":43},"end":{"line":109,"column":60}}],"line":109},"17":{"loc":{"start":{"line":111,"column":22},"end":{"line":111,"column":null}},"type":"binary-expr","locations":[{"start":{"line":111,"column":22},"end":{"line":111,"column":53}},{"start":{"line":111,"column":53},"end":{"line":111,"column":null}}],"line":111},"18":{"loc":{"start":{"line":113,"column":25},"end":{"line":113,"column":null}},"type":"cond-expr","locations":[{"start":{"line":113,"column":35},"end":{"line":113,"column":73}},{"start":{"line":113,"column":76},"end":{"line":113,"column":null}}],"line":113},"19":{"loc":{"start":{"line":117,"column":16},"end":{"line":117,"column":null}},"type":"binary-expr","locations":[{"start":{"line":117,"column":16},"end":{"line":117,"column":45}},{"start":{"line":117,"column":45},"end":{"line":117,"column":null}}],"line":117},"20":{"loc":{"start":{"line":118,"column":16},"end":{"line":118,"column":null}},"type":"binary-expr","locations":[{"start":{"line":118,"column":16},"end":{"line":118,"column":44}},{"start":{"line":118,"column":44},"end":{"line":118,"column":null}}],"line":118},"21":{"loc":{"start":{"line":119,"column":16},"end":{"line":119,"column":null}},"type":"binary-expr","locations":[{"start":{"line":119,"column":16},"end":{"line":119,"column":43}},{"start":{"line":119,"column":43},"end":{"line":119,"column":null}}],"line":119},"22":{"loc":{"start":{"line":134,"column":2},"end":{"line":210,"column":null}},"type":"if","locations":[{"start":{"line":134,"column":2},"end":{"line":210,"column":null}},{"start":{"line":140,"column":9},"end":{"line":210,"column":null}}],"line":134},"23":{"loc":{"start":{"line":145,"column":37},"end":{"line":145,"column":86}},"type":"binary-expr","locations":[{"start":{"line":145,"column":37},"end":{"line":145,"column":64}},{"start":{"line":145,"column":64},"end":{"line":145,"column":86}}],"line":145},"24":{"loc":{"start":{"line":147,"column":21},"end":{"line":147,"column":84}},"type":"binary-expr","locations":[{"start":{"line":147,"column":21},"end":{"line":147,"column":49}},{"start":{"line":147,"column":36},"end":{"line":147,"column":84}}],"line":147},"25":{"loc":{"start":{"line":147,"column":49},"end":{"line":147,"column":78}},"type":"binary-expr","locations":[{"start":{"line":147,"column":49},"end":{"line":147,"column":60}},{"start":{"line":147,"column":51},"end":{"line":147,"column":78}}],"line":147},"26":{"loc":{"start":{"line":148,"column":23},"end":{"line":148,"column":40}},"type":"binary-expr","locations":[{"start":{"line":148,"column":23},"end":{"line":148,"column":34}},{"start":{"line":148,"column":34},"end":{"line":148,"column":40}}],"line":148},"27":{"loc":{"start":{"line":148,"column":40},"end":{"line":148,"column":54}},"type":"binary-expr","locations":[{"start":{"line":148,"column":40},"end":{"line":148,"column":51}},{"start":{"line":148,"column":51},"end":{"line":148,"column":54}}],"line":148},"28":{"loc":{"start":{"line":149,"column":4},"end":{"line":175,"column":null}},"type":"if","locations":[{"start":{"line":149,"column":4},"end":{"line":175,"column":null}},{"start":{"line":169,"column":15},"end":{"line":175,"column":null}}],"line":149},"29":{"loc":{"start":{"line":149,"column":8},"end":{"line":149,"column":22}},"type":"binary-expr","locations":[{"start":{"line":149,"column":8},"end":{"line":149,"column":15}},{"start":{"line":149,"column":15},"end":{"line":149,"column":22}}],"line":149},"30":{"loc":{"start":{"line":151,"column":22},"end":{"line":151,"column":null}},"type":"binary-expr","locations":[{"start":{"line":151,"column":22},"end":{"line":151,"column":48}},{"start":{"line":151,"column":48},"end":{"line":151,"column":null}}],"line":151},"31":{"loc":{"start":{"line":152,"column":6},"end":{"line":167,"column":null}},"type":"if","locations":[{"start":{"line":152,"column":6},"end":{"line":167,"column":null}},{"start":{"line":152,"column":23},"end":{"line":167,"column":null}}],"line":152},"32":{"loc":{"start":{"line":152,"column":23},"end":{"line":167,"column":null}},"type":"if","locations":[{"start":{"line":152,"column":23},"end":{"line":167,"column":null}},{"start":{"line":161,"column":13},"end":{"line":167,"column":null}}],"line":152},"33":{"loc":{"start":{"line":169,"column":15},"end":{"line":175,"column":null}},"type":"if","locations":[{"start":{"line":169,"column":15},"end":{"line":175,"column":null}},{"start":{},"end":{}}],"line":169},"34":{"loc":{"start":{"line":178,"column":37},"end":{"line":178,"column":85}},"type":"binary-expr","locations":[{"start":{"line":178,"column":37},"end":{"line":178,"column":63}},{"start":{"line":178,"column":63},"end":{"line":178,"column":85}}],"line":178},"35":{"loc":{"start":{"line":181,"column":23},"end":{"line":181,"column":40}},"type":"binary-expr","locations":[{"start":{"line":181,"column":23},"end":{"line":181,"column":34}},{"start":{"line":181,"column":34},"end":{"line":181,"column":40}}],"line":181},"36":{"loc":{"start":{"line":181,"column":40},"end":{"line":181,"column":54}},"type":"binary-expr","locations":[{"start":{"line":181,"column":40},"end":{"line":181,"column":51}},{"start":{"line":181,"column":51},"end":{"line":181,"column":54}}],"line":181},"37":{"loc":{"start":{"line":182,"column":4},"end":{"line":195,"column":null}},"type":"if","locations":[{"start":{"line":182,"column":4},"end":{"line":195,"column":null}},{"start":{"line":189,"column":15},"end":{"line":195,"column":null}}],"line":182},"38":{"loc":{"start":{"line":189,"column":15},"end":{"line":195,"column":null}},"type":"if","locations":[{"start":{"line":189,"column":15},"end":{"line":195,"column":null}},{"start":{},"end":{}}],"line":189},"39":{"loc":{"start":{"line":198,"column":4},"end":{"line":203,"column":null}},"type":"if","locations":[{"start":{"line":198,"column":4},"end":{"line":203,"column":null}},{"start":{},"end":{}}],"line":198},"40":{"loc":{"start":{"line":205,"column":4},"end":{"line":210,"column":null}},"type":"if","locations":[{"start":{"line":205,"column":4},"end":{"line":210,"column":null}},{"start":{},"end":{}}],"line":205},"41":{"loc":{"start":{"line":227,"column":2},"end":{"line":227,"column":null}},"type":"default-arg","locations":[{"start":{"line":227,"column":39},"end":{"line":227,"column":null}}],"line":227}},"s":{"0":0,"1":112,"2":112,"3":10,"4":10,"5":0,"6":112,"7":112,"8":10,"9":10,"10":112,"11":112,"12":112,"13":112,"14":112,"15":11,"16":0,"17":11,"18":0,"19":11,"20":0,"21":11,"22":11,"23":11,"24":0,"25":0,"26":0,"27":0,"28":0,"29":0,"30":112,"31":112,"32":112,"33":112,"34":112,"35":1,"36":0,"37":1,"38":1,"39":0,"40":1,"41":1,"42":1,"43":1,"44":112,"45":0,"46":0,"47":0,"48":112,"49":112,"50":0,"51":112,"52":112,"53":224,"54":112,"55":112,"56":112,"57":112,"58":112,"59":112,"60":111,"61":111,"62":112,"63":112,"64":112,"65":112,"66":112,"67":112,"68":112,"69":112,"70":112,"71":112,"72":112,"73":434,"74":434,"75":112,"76":1,"77":111,"78":111,"79":111,"80":111,"81":8,"82":111,"83":222,"84":0,"85":111,"86":8,"87":8,"88":8,"89":7,"90":6,"91":1,"92":103,"93":103,"94":111,"95":8,"96":111,"97":222,"98":0,"99":111,"100":0,"101":111,"102":111,"103":111,"104":101,"105":111,"106":111,"107":112,"108":0,"109":0,"110":0,"111":0},"f":{"0":0,"1":112,"2":112,"3":112,"4":0,"5":112,"6":224,"7":111,"8":111,"9":434,"10":8,"11":222,"12":0,"13":8,"14":222,"15":0,"16":0,"17":0,"18":0},"b":{"0":[0,10],"1":[10,0,0],"2":[10,0],"3":[112,0],"4":[0,11],"5":[0,11],"6":[11,0],"7":[0,11],"8":[11,0],"9":[0,0],"10":[0,0],"11":[0,0],"12":[0,1],"13":[0,1],"14":[1,1],"15":[0,112],"16":[111,0],"17":[112,0],"18":[102,10],"19":[112,100],"20":[112,100],"21":[112,100],"22":[1,111],"23":[8,8],"24":[222,111],"25":[111,0],"26":[0,0],"27":[0,0],"28":[8,103],"29":[111,8],"30":[8,7],"31":[1,7],"32":[6,1],"33":[103,0],"34":[8,0],"35":[0,0],"36":[0,0],"37":[0,111],"38":[111,0],"39":[101,10],"40":[111,0],"41":[0]},"meta":{"lastBranch":42,"lastFunction":19,"lastStatement":112,"seen":{"f:19:9:19:23":0,"s:20:2:20:Infinity":0,"f:23:16:23:33":1,"s:24:15:24:Infinity":1,"s:25:2:27:Infinity":2,"s:26:14:26:30":3,"b:27:4:27:Infinity:undefined:undefined:undefined:undefined":0,"s:27:4:27:Infinity":4,"b:27:8:27:24:27:24:27:49:27:49:27:73":1,"s:27:73:27:Infinity":5,"s:29:18:29:Infinity":6,"s:30:2:31:Infinity":7,"b:31:4:31:Infinity:undefined:undefined:undefined:undefined":2,"s:31:4:31:Infinity":8,"s:31:21:31:Infinity":9,"b:33:2:33:Infinity:undefined:undefined:undefined:undefined":3,"s:33:2:33:Infinity":10,"s:33:23:33:Infinity":11,"s:34:2:34:Infinity":12,"f:37:16:37:32":2,"s:38:10:38:Infinity":13,"s:39:2:47:Infinity":14,"b:40:4:40:Infinity:undefined:undefined:undefined:undefined":4,"s:40:4:40:Infinity":15,"s:40:19:40:Infinity":16,"b:41:4:41:Infinity:undefined:undefined:undefined:undefined":5,"s:41:4:41:Infinity":17,"b:41:8:41:21:41:21:41:38":6,"s:41:38:41:Infinity":18,"b:42:4:42:Infinity:undefined:undefined:undefined:undefined":7,"s:42:4:42:Infinity":19,"s:42:27:42:Infinity":20,"s:43:14:43:39":21,"b:44:4:47:Infinity:45:13:47:Infinity":8,"s:44:4:47:Infinity":22,"s:44:25:44:Infinity":23,"b:45:13:47:Infinity:46:13:47:Infinity":9,"s:45:13:47:Infinity":24,"s:45:32:45:Infinity":25,"b:46:13:47:Infinity:47:13:47:Infinity":10,"s:46:13:47:Infinity":26,"s:46:29:46:Infinity":27,"b:47:13:47:Infinity:undefined:undefined:undefined:undefined":11,"s:47:13:47:Infinity":28,"s:47:31:47:Infinity":29,"s:49:2:49:Infinity":30,"f:52:16:52:37":3,"s:53:14:53:27":31,"s:54:2:54:Infinity":32,"s:55:16:55:Infinity":33,"s:56:2:63:Infinity":34,"b:57:4:57:Infinity:undefined:undefined:undefined:undefined":12,"s:57:4:57:Infinity":35,"s:57:34:57:Infinity":36,"s:58:15:58:37":37,"b:59:4:59:Infinity:undefined:undefined:undefined:undefined":13,"s:59:4:59:Infinity":38,"b:59:8:59:20:59:20:59:30":14,"s:59:30:59:Infinity":39,"s:60:17:60:82":40,"s:61:19:61:41":41,"s:62:17:62:59":42,"s:63:4:63:Infinity":43,"s:65:2:65:Infinity":44,"f:79:16:79:46":4,"s:80:12:80:22":45,"s:81:12:81:58":46,"s:82:2:82:Infinity":47,"f:85:22:85:46":5,"s:86:18:86:83":48,"b:87:2:88:Infinity:undefined:undefined:undefined:undefined":15,"s:87:2:88:Infinity":49,"s:88:4:88:Infinity":50,"s:90:13:90:Infinity":51,"s:91:18:91:59":52,"f:91:32:91:37":6,"s:91:43:91:58":53,"s:92:14:92:37":54,"s:94:75:102:4":55,"s:104:22:104:66":56,"s:105:16:105:45":57,"s:106:25:106:58":58,"s:108:18:110:42":59,"f:109:5:109:13":7,"s:109:19:109:60":60,"b:109:19:109:43:109:43:109:60":16,"f:110:5:110:13":8,"s:110:22:110:40":61,"s:111:22:111:Infinity":62,"b:111:22:111:53:111:53:111:Infinity":17,"s:112:14:112:48":63,"s:113:25:113:Infinity":64,"b:113:35:113:73:113:76:113:Infinity":18,"s:115:21:115:Infinity":65,"s:117:16:117:Infinity":66,"b:117:16:117:45:117:45:117:Infinity":19,"s:118:16:118:Infinity":67,"b:118:16:118:44:118:44:118:Infinity":20,"s:119:16:119:Infinity":68,"b:119:16:119:43:119:43:119:Infinity":21,"s:121:14:121:24":69,"s:122:40:122:42":70,"s:123:10:123:Infinity":71,"s:124:8:131:Infinity":72,"f:124:8:124:15":9,"s:125:4:125:Infinity":73,"s:126:4:131:Infinity":74,"b:134:2:210:Infinity:140:9:210:Infinity":22,"s:134:2:210:Infinity":75,"s:135:4:139:Infinity":76,"s:141:21:141:Infinity":77,"s:142:21:142:Infinity":78,"s:143:21:143:Infinity":79,"s:145:16:145:86":80,"f:145:25:145:31":10,"s:145:37:145:86":81,"b:145:37:145:64:145:64:145:86":23,"s:146:18:148:Infinity":82,"f:147:7:147:15":11,"s:147:21:147:84":83,"b:147:21:147:49:147:36:147:84":24,"b:147:49:147:60:147:51:147:78":25,"f:148:7:148:13":12,"s:148:16:148:54":84,"b:148:23:148:34:148:34:148:40":26,"b:148:40:148:51:148:51:148:54":27,"b:149:4:175:Infinity:169:15:175:Infinity":28,"s:149:4:175:Infinity":85,"b:149:8:149:15:149:15:149:22":29,"s:150:12:150:44":86,"s:151:22:151:Infinity":87,"b:151:22:151:48:151:48:151:Infinity":30,"b:152:6:167:Infinity:152:23:167:Infinity":31,"s:152:6:167:Infinity":88,"b:152:23:167:Infinity:161:13:167:Infinity":32,"s:152:23:167:Infinity":89,"s:155:8:160:Infinity":90,"s:162:8:167:Infinity":91,"b:169:15:175:Infinity:undefined:undefined:undefined:undefined":33,"s:169:15:175:Infinity":92,"s:170:6:175:Infinity":93,"s:178:16:178:85":94,"f:178:25:178:31":13,"s:178:37:178:85":95,"b:178:37:178:63:178:63:178:85":34,"s:179:18:181:Infinity":96,"f:180:7:180:15":14,"s:180:21:180:44":97,"f:181:7:181:13":15,"s:181:16:181:54":98,"b:181:23:181:34:181:34:181:40":35,"b:181:40:181:51:181:51:181:54":36,"b:182:4:195:Infinity:189:15:195:Infinity":37,"s:182:4:195:Infinity":99,"s:183:6:188:Infinity":100,"b:189:15:195:Infinity:undefined:undefined:undefined:undefined":38,"s:189:15:195:Infinity":101,"s:190:6:195:Infinity":102,"b:198:4:203:Infinity:undefined:undefined:undefined:undefined":39,"s:198:4:203:Infinity":103,"s:199:6:203:Infinity":104,"b:205:4:210:Infinity:undefined:undefined:undefined:undefined":40,"s:205:4:210:Infinity":105,"s:206:6:210:Infinity":106,"s:214:2:222:Infinity":107,"f:225:22:225:Infinity":16,"b:227:39:227:Infinity":41,"s:229:12:229:52":108,"s:230:2:242:Infinity":109,"f:245:16:245:43":17,"s:246:2:246:Infinity":110,"f:249:22:249:38":18,"s:250:2:250:Infinity":111}}}
,"C:\\Users\\142052\\OneDrive - Garrett Advancing Motion\\Documents\\Cursor Project\\artha-v4\\src\\lib\\calculations.ts": {"path":"C:\\Users\\142052\\OneDrive - Garrett Advancing Motion\\Documents\\Cursor Project\\artha-v4\\src\\lib\\calculations.ts","statementMap":{"0":{"start":{"line":14,"column":2},"end":{"line":14,"column":null}},"1":{"start":{"line":18,"column":2},"end":{"line":18,"column":null}},"2":{"start":{"line":22,"column":2},"end":{"line":22,"column":null}},"3":{"start":{"line":22,"column":30},"end":{"line":22,"column":null}},"4":{"start":{"line":23,"column":12},"end":{"line":23,"column":null}},"5":{"start":{"line":24,"column":13},"end":{"line":24,"column":null}},"6":{"start":{"line":25,"column":2},"end":{"line":30,"column":null}},"7":{"start":{"line":26,"column":18},"end":{"line":26,"column":46}},"8":{"start":{"line":27,"column":4},"end":{"line":27,"column":null}},"9":{"start":{"line":27,"column":48},"end":{"line":27,"column":null}},"10":{"start":{"line":28,"column":15},"end":{"line":28,"column":null}},"11":{"start":{"line":29,"column":4},"end":{"line":29,"column":null}},"12":{"start":{"line":30,"column":4},"end":{"line":30,"column":null}},"13":{"start":{"line":32,"column":2},"end":{"line":32,"column":null}},"14":{"start":{"line":39,"column":10},"end":{"line":39,"column":null}},"15":{"start":{"line":40,"column":2},"end":{"line":51,"column":null}},"16":{"start":{"line":40,"column":15},"end":{"line":40,"column":18}},"17":{"start":{"line":41,"column":26},"end":{"line":41,"column":57}},"18":{"start":{"line":42,"column":4},"end":{"line":42,"column":null}},"19":{"start":{"line":42,"column":57},"end":{"line":42,"column":null}},"20":{"start":{"line":43,"column":4},"end":{"line":43,"column":null}},"21":{"start":{"line":43,"column":30},"end":{"line":43,"column":null}},"22":{"start":{"line":44,"column":4},"end":{"line":44,"column":null}},"23":{"start":{"line":44,"column":32},"end":{"line":44,"column":null}},"24":{"start":{"line":45,"column":17},"end":{"line":45,"column":null}},"25":{"start":{"line":46,"column":4},"end":{"line":46,"column":null}},"26":{"start":{"line":46,"column":32},"end":{"line":46,"column":null}},"27":{"start":{"line":47,"column":4},"end":{"line":49,"column":null}},"28":{"start":{"line":48,"column":6},"end":{"line":48,"column":null}},"29":{"start":{"line":49,"column":6},"end":{"line":49,"column":null}},"30":{"start":{"line":51,"column":4},"end":{"line":51,"column":null}},"31":{"start":{"line":54,"column":8},"end":{"line":74,"column":null}},"32":{"start":{"line":55,"column":25},"end":{"line":55,"column":57}},"33":{"start":{"line":56,"column":25},"end":{"line":56,"column":57}},"34":{"start":{"line":57,"column":4},"end":{"line":57,"column":null}},"35":{"start":{"line":57,"column":56},"end":{"line":57,"column":null}},"36":{"start":{"line":58,"column":4},"end":{"line":58,"column":null}},"37":{"start":{"line":58,"column":23},"end":{"line":58,"column":null}},"38":{"start":{"line":59,"column":12},"end":{"line":59,"column":null}},"39":{"start":{"line":60,"column":12},"end":{"line":60,"column":null}},"40":{"start":{"line":61,"column":13},"end":{"line":61,"column":null}},"41":{"start":{"line":62,"column":4},"end":{"line":71,"column":null}},"42":{"start":{"line":62,"column":17},"end":{"line":62,"column":20}},"43":{"start":{"line":63,"column":12},"end":{"line":63,"column":null}},"44":{"start":{"line":64,"column":26},"end":{"line":64,"column":59}},"45":{"start":{"line":65,"column":6},"end":{"line":65,"column":null}},"46":{"start":{"line":65,"column":32},"end":{"line":65,"column":null}},"47":{"start":{"line":66,"column":6},"end":{"line":66,"column":null}},"48":{"start":{"line":66,"column":31},"end":{"line":66,"column":null}},"49":{"start":{"line":67,"column":6},"end":{"line":71,"column":null}},"50":{"start":{"line":68,"column":8},"end":{"line":68,"column":null}},"51":{"start":{"line":70,"column":8},"end":{"line":70,"column":null}},"52":{"start":{"line":71,"column":8},"end":{"line":71,"column":null}},"53":{"start":{"line":74,"column":4},"end":{"line":74,"column":null}},"54":{"start":{"line":77,"column":2},"end":{"line":77,"column":null}},"55":{"start":{"line":85,"column":18},"end":{"line":85,"column":78}},"56":{"start":{"line":85,"column":42},"end":{"line":85,"column":78}},"57":{"start":{"line":86,"column":2},"end":{"line":88,"column":null}},"58":{"start":{"line":87,"column":4},"end":{"line":88,"column":null}},"59":{"start":{"line":88,"column":6},"end":{"line":88,"column":null}},"60":{"start":{"line":92,"column":16},"end":{"line":92,"column":65}},"61":{"start":{"line":93,"column":2},"end":{"line":98,"column":null}},"62":{"start":{"line":94,"column":14},"end":{"line":94,"column":30}},"63":{"start":{"line":95,"column":14},"end":{"line":95,"column":42}},"64":{"start":{"line":96,"column":17},"end":{"line":96,"column":29}},"65":{"start":{"line":97,"column":4},"end":{"line":98,"column":null}},"66":{"start":{"line":97,"column":14},"end":{"line":97,"column":null}},"67":{"start":{"line":98,"column":9},"end":{"line":98,"column":null}},"68":{"start":{"line":100,"column":34},"end":{"line":100,"column":102}},"69":{"start":{"line":100,"column":66},"end":{"line":100,"column":102}},"70":{"start":{"line":101,"column":2},"end":{"line":106,"column":null}},"71":{"start":{"line":102,"column":14},"end":{"line":102,"column":36}},"72":{"start":{"line":103,"column":15},"end":{"line":103,"column":43}},"73":{"start":{"line":104,"column":21},"end":{"line":104,"column":81}},"74":{"start":{"line":104,"column":40},"end":{"line":104,"column":81}},"75":{"start":{"line":105,"column":4},"end":{"line":106,"column":null}},"76":{"start":{"line":105,"column":18},"end":{"line":105,"column":null}},"77":{"start":{"line":106,"column":9},"end":{"line":106,"column":null}},"78":{"start":{"line":109,"column":2},"end":{"line":109,"column":null}},"79":{"start":{"line":109,"column":24},"end":{"line":109,"column":59}},"80":{"start":{"line":111,"column":16},"end":{"line":111,"column":null}},"81":{"start":{"line":112,"column":2},"end":{"line":113,"column":null}},"82":{"start":{"line":113,"column":4},"end":{"line":113,"column":null}},"83":{"start":{"line":116,"column":15},"end":{"line":116,"column":null}},"84":{"start":{"line":117,"column":21},"end":{"line":120,"column":5}},"85":{"start":{"line":117,"column":40},"end":{"line":120,"column":5}},"86":{"start":{"line":122,"column":22},"end":{"line":122,"column":100}},"87":{"start":{"line":122,"column":43},"end":{"line":122,"column":56}},"88":{"start":{"line":122,"column":74},"end":{"line":122,"column":96}},"89":{"start":{"line":123,"column":15},"end":{"line":123,"column":null}},"90":{"start":{"line":124,"column":20},"end":{"line":124,"column":47}},"91":{"start":{"line":125,"column":2},"end":{"line":135,"column":null}},"92":{"start":{"line":126,"column":16},"end":{"line":126,"column":null}},"93":{"start":{"line":127,"column":23},"end":{"line":129,"column":null}},"94":{"start":{"line":131,"column":4},"end":{"line":135,"column":null}},"95":{"start":{"line":132,"column":20},"end":{"line":132,"column":null}},"96":{"start":{"line":133,"column":6},"end":{"line":135,"column":null}},"97":{"start":{"line":134,"column":14},"end":{"line":134,"column":null}},"98":{"start":{"line":135,"column":8},"end":{"line":135,"column":null}},"99":{"start":{"line":140,"column":24},"end":{"line":140,"column":55}},"100":{"start":{"line":141,"column":24},"end":{"line":141,"column":55}},"101":{"start":{"line":142,"column":26},"end":{"line":142,"column":60}},"102":{"start":{"line":145,"column":4},"end":{"line":148,"column":null}},"103":{"start":{"line":149,"column":2},"end":{"line":150,"column":null}},"104":{"start":{"line":150,"column":4},"end":{"line":150,"column":null}},"105":{"start":{"line":153,"column":2},"end":{"line":178,"column":null}},"106":{"start":{"line":154,"column":23},"end":{"line":154,"column":55}},"107":{"start":{"line":154,"column":42},"end":{"line":154,"column":55}},"108":{"start":{"line":155,"column":22},"end":{"line":155,"column":54}},"109":{"start":{"line":155,"column":41},"end":{"line":155,"column":54}},"110":{"start":{"line":156,"column":4},"end":{"line":157,"column":null}},"111":{"start":{"line":157,"column":6},"end":{"line":157,"column":null}},"112":{"start":{"line":159,"column":16},"end":{"line":159,"column":94}},"113":{"start":{"line":159,"column":37},"end":{"line":159,"column":50}},"114":{"start":{"line":159,"column":68},"end":{"line":159,"column":90}},"115":{"start":{"line":160,"column":17},"end":{"line":160,"column":null}},"116":{"start":{"line":161,"column":23},"end":{"line":163,"column":null}},"117":{"start":{"line":165,"column":4},"end":{"line":166,"column":null}},"118":{"start":{"line":166,"column":6},"end":{"line":166,"column":null}},"119":{"start":{"line":168,"column":18},"end":{"line":168,"column":null}},"120":{"start":{"line":169,"column":4},"end":{"line":170,"column":null}},"121":{"start":{"line":170,"column":6},"end":{"line":170,"column":null}},"122":{"start":{"line":172,"column":10},"end":{"line":172,"column":null}},"123":{"start":{"line":173,"column":4},"end":{"line":178,"column":null}},"124":{"start":{"line":181,"column":19},"end":{"line":181,"column":48}},"125":{"start":{"line":182,"column":2},"end":{"line":192,"column":null}},"126":{"start":{"line":183,"column":16},"end":{"line":183,"column":null}},"127":{"start":{"line":184,"column":17},"end":{"line":184,"column":null}},"128":{"start":{"line":185,"column":23},"end":{"line":187,"column":null}},"129":{"start":{"line":189,"column":4},"end":{"line":189,"column":null}},"130":{"start":{"line":189,"column":18},"end":{"line":189,"column":null}},"131":{"start":{"line":190,"column":18},"end":{"line":190,"column":null}},"132":{"start":{"line":191,"column":10},"end":{"line":191,"column":null}},"133":{"start":{"line":192,"column":4},"end":{"line":192,"column":null}},"134":{"start":{"line":195,"column":2},"end":{"line":200,"column":null}},"135":{"start":{"line":229,"column":8},"end":{"line":229,"column":49}},"136":{"start":{"line":230,"column":16},"end":{"line":230,"column":39}},"137":{"start":{"line":231,"column":2},"end":{"line":231,"column":null}},"138":{"start":{"line":231,"column":21},"end":{"line":231,"column":null}},"139":{"start":{"line":232,"column":2},"end":{"line":232,"column":null}},"140":{"start":{"line":232,"column":21},"end":{"line":232,"column":null}},"141":{"start":{"line":233,"column":2},"end":{"line":233,"column":null}},"142":{"start":{"line":233,"column":21},"end":{"line":233,"column":null}},"143":{"start":{"line":234,"column":2},"end":{"line":234,"column":null}},"144":{"start":{"line":243,"column":15},"end":{"line":243,"column":null}},"145":{"start":{"line":244,"column":15},"end":{"line":244,"column":null}},"146":{"start":{"line":245,"column":22},"end":{"line":245,"column":null}},"147":{"start":{"line":246,"column":14},"end":{"line":246,"column":24}},"148":{"start":{"line":248,"column":22},"end":{"line":248,"column":null}},"149":{"start":{"line":249,"column":2},"end":{"line":251,"column":null}},"150":{"start":{"line":250,"column":4},"end":{"line":250,"column":null}},"151":{"start":{"line":250,"column":32},"end":{"line":250,"column":null}},"152":{"start":{"line":251,"column":4},"end":{"line":251,"column":null}},"153":{"start":{"line":254,"column":24},"end":{"line":254,"column":null}},"154":{"start":{"line":255,"column":24},"end":{"line":255,"column":null}},"155":{"start":{"line":256,"column":20},"end":{"line":256,"column":null}},"156":{"start":{"line":257,"column":20},"end":{"line":257,"column":null}},"157":{"start":{"line":258,"column":19},"end":{"line":258,"column":null}},"158":{"start":{"line":260,"column":2},"end":{"line":276,"column":null}},"159":{"start":{"line":261,"column":4},"end":{"line":261,"column":null}},"160":{"start":{"line":261,"column":31},"end":{"line":261,"column":null}},"161":{"start":{"line":262,"column":14},"end":{"line":262,"column":49}},"162":{"start":{"line":263,"column":16},"end":{"line":270,"column":null}},"163":{"start":{"line":272,"column":4},"end":{"line":276,"column":null}},"164":{"start":{"line":272,"column":25},"end":{"line":272,"column":null}},"165":{"start":{"line":273,"column":13},"end":{"line":276,"column":null}},"166":{"start":{"line":273,"column":30},"end":{"line":273,"column":null}},"167":{"start":{"line":274,"column":13},"end":{"line":276,"column":null}},"168":{"start":{"line":274,"column":26},"end":{"line":274,"column":null}},"169":{"start":{"line":275,"column":13},"end":{"line":276,"column":null}},"170":{"start":{"line":275,"column":26},"end":{"line":275,"column":null}},"171":{"start":{"line":276,"column":13},"end":{"line":276,"column":null}},"172":{"start":{"line":276,"column":36},"end":{"line":276,"column":null}},"173":{"start":{"line":279,"column":21},"end":{"line":279,"column":null}},"174":{"start":{"line":280,"column":21},"end":{"line":280,"column":null}},"175":{"start":{"line":281,"column":19},"end":{"line":281,"column":null}},"176":{"start":{"line":282,"column":19},"end":{"line":282,"column":null}},"177":{"start":{"line":283,"column":14},"end":{"line":283,"column":36}},"178":{"start":{"line":284,"column":18},"end":{"line":284,"column":null}},"179":{"start":{"line":285,"column":18},"end":{"line":285,"column":null}},"180":{"start":{"line":287,"column":2},"end":{"line":302,"column":null}},"181":{"start":{"line":319,"column":12},"end":{"line":319,"column":53}},"182":{"start":{"line":320,"column":2},"end":{"line":320,"column":null}},"183":{"start":{"line":320,"column":43},"end":{"line":320,"column":null}},"184":{"start":{"line":321,"column":2},"end":{"line":321,"column":null}},"185":{"start":{"line":321,"column":21},"end":{"line":321,"column":null}},"186":{"start":{"line":322,"column":2},"end":{"line":322,"column":null}},"187":{"start":{"line":322,"column":20},"end":{"line":322,"column":null}},"188":{"start":{"line":323,"column":2},"end":{"line":323,"column":null}},"189":{"start":{"line":323,"column":21},"end":{"line":323,"column":null}},"190":{"start":{"line":324,"column":2},"end":{"line":324,"column":null}},"191":{"start":{"line":328,"column":12},"end":{"line":328,"column":63}},"192":{"start":{"line":329,"column":2},"end":{"line":329,"column":null}},"193":{"start":{"line":329,"column":14},"end":{"line":329,"column":null}},"194":{"start":{"line":330,"column":11},"end":{"line":330,"column":null}},"195":{"start":{"line":331,"column":11},"end":{"line":331,"column":null}},"196":{"start":{"line":332,"column":10},"end":{"line":332,"column":null}},"197":{"start":{"line":333,"column":2},"end":{"line":333,"column":null}},"198":{"start":{"line":334,"column":14},"end":{"line":334,"column":null}},"199":{"start":{"line":335,"column":2},"end":{"line":336,"column":null}},"200":{"start":{"line":336,"column":4},"end":{"line":336,"column":null}},"201":{"start":{"line":338,"column":2},"end":{"line":338,"column":null}},"202":{"start":{"line":347,"column":13},"end":{"line":347,"column":34}},"203":{"start":{"line":348,"column":13},"end":{"line":348,"column":33}},"204":{"start":{"line":349,"column":13},"end":{"line":349,"column":32}},"205":{"start":{"line":350,"column":18},"end":{"line":350,"column":null}},"206":{"start":{"line":351,"column":17},"end":{"line":351,"column":null}},"207":{"start":{"line":352,"column":16},"end":{"line":352,"column":null}},"208":{"start":{"line":353,"column":2},"end":{"line":359,"column":null}},"209":{"start":{"line":354,"column":4},"end":{"line":354,"column":null}},"210":{"start":{"line":354,"column":32},"end":{"line":354,"column":null}},"211":{"start":{"line":355,"column":14},"end":{"line":355,"column":41}},"212":{"start":{"line":356,"column":14},"end":{"line":356,"column":47}},"213":{"start":{"line":357,"column":4},"end":{"line":357,"column":null}},"214":{"start":{"line":358,"column":4},"end":{"line":358,"column":null}},"215":{"start":{"line":359,"column":4},"end":{"line":359,"column":null}},"216":{"start":{"line":361,"column":15},"end":{"line":361,"column":null}},"217":{"start":{"line":362,"column":2},"end":{"line":373,"column":null}},"218":{"start":{"line":363,"column":4},"end":{"line":373,"column":null}},"219":{"start":{"line":375,"column":12},"end":{"line":375,"column":52}},"220":{"start":{"line":376,"column":2},"end":{"line":386,"column":null}},"221":{"start":{"line":397,"column":2},"end":{"line":397,"column":null}},"222":{"start":{"line":397,"column":15},"end":{"line":397,"column":null}},"223":{"start":{"line":398,"column":2},"end":{"line":398,"column":null}},"224":{"start":{"line":398,"column":15},"end":{"line":398,"column":null}},"225":{"start":{"line":399,"column":2},"end":{"line":399,"column":null}},"226":{"start":{"line":399,"column":15},"end":{"line":399,"column":null}},"227":{"start":{"line":400,"column":2},"end":{"line":400,"column":null}},"228":{"start":{"line":409,"column":8},"end":{"line":409,"column":75}},"229":{"start":{"line":409,"column":48},"end":{"line":409,"column":75}},"230":{"start":{"line":410,"column":18},"end":{"line":410,"column":68}},"231":{"start":{"line":410,"column":39},"end":{"line":410,"column":68}},"232":{"start":{"line":411,"column":22},"end":{"line":411,"column":null}},"233":{"start":{"line":413,"column":16},"end":{"line":413,"column":null}},"234":{"start":{"line":414,"column":2},"end":{"line":418,"column":null}},"235":{"start":{"line":415,"column":19},"end":{"line":416,"column":null}},"236":{"start":{"line":416,"column":16},"end":{"line":416,"column":71}},"237":{"start":{"line":418,"column":4},"end":{"line":418,"column":null}},"238":{"start":{"line":420,"column":17},"end":{"line":420,"column":101}},"239":{"start":{"line":422,"column":15},"end":{"line":422,"column":68}},"240":{"start":{"line":422,"column":41},"end":{"line":422,"column":66}},"241":{"start":{"line":423,"column":26},"end":{"line":423,"column":90}},"242":{"start":{"line":425,"column":16},"end":{"line":425,"column":63}},"243":{"start":{"line":426,"column":14},"end":{"line":427,"column":null}},"244":{"start":{"line":429,"column":24},"end":{"line":429,"column":83}},"245":{"start":{"line":431,"column":22},"end":{"line":431,"column":101}},"246":{"start":{"line":433,"column":16},"end":{"line":438,"column":null}},"247":{"start":{"line":441,"column":15},"end":{"line":441,"column":79}},"248":{"start":{"line":442,"column":2},"end":{"line":442,"column":null}},"249":{"start":{"line":451,"column":12},"end":{"line":451,"column":null}},"250":{"start":{"line":452,"column":12},"end":{"line":452,"column":43}},"251":{"start":{"line":453,"column":12},"end":{"line":453,"column":36}},"252":{"start":{"line":454,"column":12},"end":{"line":454,"column":34}},"253":{"start":{"line":455,"column":2},"end":{"line":455,"column":null}},"254":{"start":{"line":455,"column":14},"end":{"line":455,"column":null}},"255":{"start":{"line":456,"column":2},"end":{"line":456,"column":null}},"256":{"start":{"line":456,"column":15},"end":{"line":456,"column":null}},"257":{"start":{"line":457,"column":12},"end":{"line":457,"column":30}},"258":{"start":{"line":458,"column":2},"end":{"line":458,"column":null}},"259":{"start":{"line":467,"column":12},"end":{"line":467,"column":null}},"260":{"start":{"line":468,"column":12},"end":{"line":468,"column":43}},"261":{"start":{"line":469,"column":12},"end":{"line":469,"column":36}},"262":{"start":{"line":470,"column":18},"end":{"line":470,"column":34}},"263":{"start":{"line":471,"column":2},"end":{"line":471,"column":null}},"264":{"start":{"line":471,"column":14},"end":{"line":471,"column":null}},"265":{"start":{"line":472,"column":2},"end":{"line":472,"column":null}},"266":{"start":{"line":472,"column":15},"end":{"line":472,"column":null}},"267":{"start":{"line":473,"column":12},"end":{"line":473,"column":30}},"268":{"start":{"line":474,"column":2},"end":{"line":474,"column":null}},"269":{"start":{"line":478,"column":14},"end":{"line":478,"column":43}},"270":{"start":{"line":479,"column":15},"end":{"line":479,"column":71}},"271":{"start":{"line":480,"column":2},"end":{"line":485,"column":null}},"272":{"start":{"line":494,"column":14},"end":{"line":494,"column":null}},"273":{"start":{"line":495,"column":2},"end":{"line":496,"column":null}},"274":{"start":{"line":495,"column":26},"end":{"line":495,"column":null}},"275":{"start":{"line":496,"column":11},"end":{"line":496,"column":null}},"276":{"start":{"line":496,"column":31},"end":{"line":496,"column":null}},"277":{"start":{"line":497,"column":2},"end":{"line":498,"column":null}},"278":{"start":{"line":497,"column":23},"end":{"line":497,"column":null}},"279":{"start":{"line":498,"column":11},"end":{"line":498,"column":null}},"280":{"start":{"line":498,"column":28},"end":{"line":498,"column":null}},"281":{"start":{"line":499,"column":2},"end":{"line":499,"column":null}},"282":{"start":{"line":500,"column":2},"end":{"line":501,"column":null}},"283":{"start":{"line":500,"column":27},"end":{"line":500,"column":null}},"284":{"start":{"line":501,"column":11},"end":{"line":501,"column":null}},"285":{"start":{"line":501,"column":32},"end":{"line":501,"column":null}},"286":{"start":{"line":502,"column":2},"end":{"line":502,"column":null}}},"fnMap":{"0":{"name":"safeNum","decl":{"start":{"line":13,"column":9},"end":{"line":13,"column":17}},"loc":{"start":{"line":13,"column":36},"end":{"line":14,"column":null}},"line":13},"1":{"name":"yFracYears","decl":{"start":{"line":17,"column":9},"end":{"line":17,"column":20}},"loc":{"start":{"line":17,"column":52},"end":{"line":18,"column":null}},"line":17},"2":{"name":"npvAndDerivative","decl":{"start":{"line":21,"column":9},"end":{"line":21,"column":26}},"loc":{"start":{"line":21,"column":123},"end":{"line":32,"column":null}},"line":21},"3":{"name":"xirrFromRoot","decl":{"start":{"line":35,"column":9},"end":{"line":35,"column":null}},"loc":{"start":{"line":38,"column":27},"end":{"line":77,"column":null}},"line":38},"4":{"name":"(anonymous_4)","decl":{"start":{"line":54,"column":8},"end":{"line":54,"column":21}},"loc":{"start":{"line":54,"column":73},"end":{"line":74,"column":null}},"line":54},"5":{"name":"calculateXIRR","decl":{"start":{"line":80,"column":16},"end":{"line":80,"column":null}},"loc":{"start":{"line":84,"column":14},"end":{"line":200,"column":null}},"line":84},"6":{"name":"(anonymous_6)","decl":{"start":{"line":85,"column":28},"end":{"line":85,"column":36}},"loc":{"start":{"line":85,"column":42},"end":{"line":85,"column":78}},"line":85},"7":{"name":"(anonymous_7)","decl":{"start":{"line":100,"column":54},"end":{"line":100,"column":59}},"loc":{"start":{"line":100,"column":66},"end":{"line":100,"column":102}},"line":100},"8":{"name":"(anonymous_8)","decl":{"start":{"line":104,"column":28},"end":{"line":104,"column":34}},"loc":{"start":{"line":104,"column":40},"end":{"line":104,"column":81}},"line":104},"9":{"name":"(anonymous_9)","decl":{"start":{"line":109,"column":9},"end":{"line":109,"column":15}},"loc":{"start":{"line":109,"column":24},"end":{"line":109,"column":59}},"line":109},"10":{"name":"(anonymous_10)","decl":{"start":{"line":117,"column":28},"end":{"line":117,"column":33}},"loc":{"start":{"line":117,"column":40},"end":{"line":120,"column":5}},"line":117},"11":{"name":"(anonymous_11)","decl":{"start":{"line":122,"column":29},"end":{"line":122,"column":37}},"loc":{"start":{"line":122,"column":43},"end":{"line":122,"column":56}},"line":122},"12":{"name":"(anonymous_12)","decl":{"start":{"line":122,"column":57},"end":{"line":122,"column":65}},"loc":{"start":{"line":122,"column":74},"end":{"line":122,"column":96}},"line":122},"13":{"name":"(anonymous_13)","decl":{"start":{"line":154,"column":30},"end":{"line":154,"column":36}},"loc":{"start":{"line":154,"column":42},"end":{"line":154,"column":55}},"line":154},"14":{"name":"(anonymous_14)","decl":{"start":{"line":155,"column":29},"end":{"line":155,"column":35}},"loc":{"start":{"line":155,"column":41},"end":{"line":155,"column":54}},"line":155},"15":{"name":"(anonymous_15)","decl":{"start":{"line":159,"column":23},"end":{"line":159,"column":31}},"loc":{"start":{"line":159,"column":37},"end":{"line":159,"column":50}},"line":159},"16":{"name":"(anonymous_16)","decl":{"start":{"line":159,"column":51},"end":{"line":159,"column":59}},"loc":{"start":{"line":159,"column":68},"end":{"line":159,"column":90}},"line":159},"17":{"name":"accountToCzk","decl":{"start":{"line":225,"column":9},"end":{"line":225,"column":null}},"loc":{"start":{"line":228,"column":10},"end":{"line":234,"column":null}},"line":228},"18":{"name":"calculateNetWorth","decl":{"start":{"line":237,"column":16},"end":{"line":237,"column":null}},"loc":{"start":{"line":242,"column":18},"end":{"line":302,"column":null}},"line":242},"19":{"name":"mapCategoryToBuckets","decl":{"start":{"line":318,"column":9},"end":{"line":318,"column":30}},"loc":{"start":{"line":318,"column":88},"end":{"line":324,"column":null}},"line":318},"20":{"name":"normalize3","decl":{"start":{"line":327,"column":9},"end":{"line":327,"column":20}},"loc":{"start":{"line":327,"column":96},"end":{"line":338,"column":null}},"line":327},"21":{"name":"calculateAllocation","decl":{"start":{"line":341,"column":16},"end":{"line":341,"column":null}},"loc":{"start":{"line":346,"column":20},"end":{"line":386,"column":null}},"line":346},"22":{"name":"gradeFromScore","decl":{"start":{"line":396,"column":9},"end":{"line":396,"column":24}},"loc":{"start":{"line":396,"column":58},"end":{"line":400,"column":null}},"line":396},"23":{"name":"calculateHealth","decl":{"start":{"line":403,"column":16},"end":{"line":403,"column":null}},"loc":{"start":{"line":408,"column":16},"end":{"line":442,"column":null}},"line":408},"24":{"name":"(anonymous_24)","decl":{"start":{"line":409,"column":34},"end":{"line":409,"column":42}},"loc":{"start":{"line":409,"column":48},"end":{"line":409,"column":75}},"line":409},"25":{"name":"(anonymous_25)","decl":{"start":{"line":410,"column":25},"end":{"line":410,"column":33}},"loc":{"start":{"line":410,"column":39},"end":{"line":410,"column":68}},"line":410},"26":{"name":"(anonymous_26)","decl":{"start":{"line":415,"column":34},"end":{"line":415,"column":null}},"loc":{"start":{"line":416,"column":16},"end":{"line":416,"column":71}},"line":416},"27":{"name":"(anonymous_27)","decl":{"start":{"line":422,"column":30},"end":{"line":422,"column":35}},"loc":{"start":{"line":422,"column":41},"end":{"line":422,"column":66}},"line":422},"28":{"name":"projectFutureValue","decl":{"start":{"line":445,"column":16},"end":{"line":445,"column":null}},"loc":{"start":{"line":450,"column":10},"end":{"line":458,"column":null}},"line":450},"29":{"name":"calculateRequiredSIP","decl":{"start":{"line":461,"column":16},"end":{"line":461,"column":null}},"loc":{"start":{"line":466,"column":10},"end":{"line":474,"column":null}},"line":466},"30":{"name":"calculateTaxStatus","decl":{"start":{"line":477,"column":16},"end":{"line":477,"column":35}},"loc":{"start":{"line":477,"column":62},"end":{"line":485,"column":null}},"line":477},"31":{"name":"calculateConfidence","decl":{"start":{"line":488,"column":16},"end":{"line":488,"column":null}},"loc":{"start":{"line":493,"column":10},"end":{"line":502,"column":null}},"line":493}},"branchMap":{"0":{"loc":{"start":{"line":14,"column":9},"end":{"line":14,"column":null}},"type":"cond-expr","locations":[{"start":{"line":14,"column":30},"end":{"line":14,"column":34}},{"start":{"line":14,"column":34},"end":{"line":14,"column":null}}],"line":14},"1":{"loc":{"start":{"line":22,"column":2},"end":{"line":22,"column":null}},"type":"if","locations":[{"start":{"line":22,"column":2},"end":{"line":22,"column":null}},{"start":{},"end":{}}],"line":22},"2":{"loc":{"start":{"line":27,"column":4},"end":{"line":27,"column":null}},"type":"if","locations":[{"start":{"line":27,"column":4},"end":{"line":27,"column":null}},{"start":{},"end":{}}],"line":27},"3":{"loc":{"start":{"line":27,"column":8},"end":{"line":27,"column":46}},"type":"binary-expr","locations":[{"start":{"line":27,"column":8},"end":{"line":27,"column":23}},{"start":{"line":27,"column":23},"end":{"line":27,"column":46}}],"line":27},"4":{"loc":{"start":{"line":42,"column":4},"end":{"line":42,"column":null}},"type":"if","locations":[{"start":{"line":42,"column":4},"end":{"line":42,"column":null}},{"start":{},"end":{}}],"line":42},"5":{"loc":{"start":{"line":42,"column":8},"end":{"line":42,"column":55}},"type":"binary-expr","locations":[{"start":{"line":42,"column":8},"end":{"line":42,"column":29}},{"start":{"line":42,"column":33},"end":{"line":42,"column":55}}],"line":42},"6":{"loc":{"start":{"line":43,"column":4},"end":{"line":43,"column":null}},"type":"if","locations":[{"start":{"line":43,"column":4},"end":{"line":43,"column":null}},{"start":{},"end":{}}],"line":43},"7":{"loc":{"start":{"line":44,"column":4},"end":{"line":44,"column":null}},"type":"if","locations":[{"start":{"line":44,"column":4},"end":{"line":44,"column":null}},{"start":{},"end":{}}],"line":44},"8":{"loc":{"start":{"line":46,"column":4},"end":{"line":46,"column":null}},"type":"if","locations":[{"start":{"line":46,"column":4},"end":{"line":46,"column":null}},{"start":{},"end":{}}],"line":46},"9":{"loc":{"start":{"line":47,"column":4},"end":{"line":49,"column":null}},"type":"if","locations":[{"start":{"line":47,"column":4},"end":{"line":49,"column":null}},{"start":{},"end":{}}],"line":47},"10":{"loc":{"start":{"line":57,"column":4},"end":{"line":57,"column":null}},"type":"if","locations":[{"start":{"line":57,"column":4},"end":{"line":57,"column":null}},{"start":{},"end":{}}],"line":57},"11":{"loc":{"start":{"line":57,"column":8},"end":{"line":57,"column":54}},"type":"binary-expr","locations":[{"start":{"line":57,"column":8},"end":{"line":57,"column":29}},{"start":{"line":57,"column":33},"end":{"line":57,"column":54}}],"line":57},"12":{"loc":{"start":{"line":58,"column":4},"end":{"line":58,"column":null}},"type":"if","locations":[{"start":{"line":58,"column":4},"end":{"line":58,"column":null}},{"start":{},"end":{}}],"line":58},"13":{"loc":{"start":{"line":65,"column":6},"end":{"line":65,"column":null}},"type":"if","locations":[{"start":{"line":65,"column":6},"end":{"line":65,"column":null}},{"start":{},"end":{}}],"line":65},"14":{"loc":{"start":{"line":66,"column":6},"end":{"line":66,"column":null}},"type":"if","locations":[{"start":{"line":66,"column":6},"end":{"line":66,"column":null}},{"start":{},"end":{}}],"line":66},"15":{"loc":{"start":{"line":67,"column":6},"end":{"line":71,"column":null}},"type":"if","locations":[{"start":{"line":67,"column":6},"end":{"line":71,"column":null}},{"start":{"line":69,"column":13},"end":{"line":71,"column":null}}],"line":67},"16":{"loc":{"start":{"line":77,"column":9},"end":{"line":77,"column":69}},"type":"binary-expr","locations":[{"start":{"line":77,"column":9},"end":{"line":77,"column":24}},{"start":{"line":77,"column":28},"end":{"line":77,"column":46}},{"start":{"line":77,"column":50},"end":{"line":77,"column":69}}],"line":77},"17":{"loc":{"start":{"line":86,"column":2},"end":{"line":88,"column":null}},"type":"if","locations":[{"start":{"line":86,"column":2},"end":{"line":88,"column":null}},{"start":{},"end":{}}],"line":86},"18":{"loc":{"start":{"line":86,"column":6},"end":{"line":86,"column":62}},"type":"binary-expr","locations":[{"start":{"line":86,"column":6},"end":{"line":86,"column":37}},{"start":{"line":86,"column":41},"end":{"line":86,"column":62}}],"line":86},"19":{"loc":{"start":{"line":87,"column":4},"end":{"line":88,"column":null}},"type":"if","locations":[{"start":{"line":87,"column":4},"end":{"line":88,"column":null}},{"start":{},"end":{}}],"line":87},"20":{"loc":{"start":{"line":97,"column":4},"end":{"line":98,"column":null}},"type":"if","locations":[{"start":{"line":97,"column":4},"end":{"line":98,"column":null}},{"start":{"line":98,"column":9},"end":{"line":98,"column":null}}],"line":97},"21":{"loc":{"start":{"line":101,"column":2},"end":{"line":106,"column":null}},"type":"if","locations":[{"start":{"line":101,"column":2},"end":{"line":106,"column":null}},{"start":{},"end":{}}],"line":101},"22":{"loc":{"start":{"line":101,"column":6},"end":{"line":101,"column":59}},"type":"binary-expr","locations":[{"start":{"line":101,"column":6},"end":{"line":101,"column":29}},{"start":{"line":101,"column":29},"end":{"line":101,"column":59}}],"line":101},"23":{"loc":{"start":{"line":105,"column":4},"end":{"line":106,"column":null}},"type":"if","locations":[{"start":{"line":105,"column":4},"end":{"line":106,"column":null}},{"start":{"line":106,"column":9},"end":{"line":106,"column":null}}],"line":105},"24":{"loc":{"start":{"line":112,"column":2},"end":{"line":113,"column":null}},"type":"if","locations":[{"start":{"line":112,"column":2},"end":{"line":113,"column":null}},{"start":{},"end":{}}],"line":112},"25":{"loc":{"start":{"line":125,"column":2},"end":{"line":135,"column":null}},"type":"if","locations":[{"start":{"line":125,"column":2},"end":{"line":135,"column":null}},{"start":{},"end":{}}],"line":125},"26":{"loc":{"start":{"line":131,"column":4},"end":{"line":135,"column":null}},"type":"if","locations":[{"start":{"line":131,"column":4},"end":{"line":135,"column":null}},{"start":{},"end":{}}],"line":131},"27":{"loc":{"start":{"line":133,"column":6},"end":{"line":135,"column":null}},"type":"if","locations":[{"start":{"line":133,"column":6},"end":{"line":135,"column":null}},{"start":{},"end":{}}],"line":133},"28":{"loc":{"start":{"line":133,"column":10},"end":{"line":133,"column":47}},"type":"binary-expr","locations":[{"start":{"line":133,"column":10},"end":{"line":133,"column":32}},{"start":{"line":133,"column":36},"end":{"line":133,"column":47}}],"line":133},"29":{"loc":{"start":{"line":145,"column":4},"end":{"line":148,"column":null}},"type":"binary-expr","locations":[{"start":{"line":145,"column":4},"end":{"line":145,"column":25}},{"start":{"line":146,"column":4},"end":{"line":146,"column":25}},{"start":{"line":147,"column":4},"end":{"line":147,"column":null}},{"start":{"line":148,"column":5},"end":{"line":148,"column":19}},{"start":{"line":148,"column":19},"end":{"line":148,"column":null}}],"line":145},"30":{"loc":{"start":{"line":149,"column":2},"end":{"line":150,"column":null}},"type":"if","locations":[{"start":{"line":149,"column":2},"end":{"line":150,"column":null}},{"start":{},"end":{}}],"line":149},"31":{"loc":{"start":{"line":149,"column":6},"end":{"line":149,"column":93}},"type":"binary-expr","locations":[{"start":{"line":149,"column":6},"end":{"line":149,"column":21}},{"start":{"line":149,"column":21},"end":{"line":149,"column":44}},{"start":{"line":149,"column":48},"end":{"line":149,"column":69}},{"start":{"line":149,"column":73},"end":{"line":149,"column":93}}],"line":149},"32":{"loc":{"start":{"line":153,"column":2},"end":{"line":178,"column":null}},"type":"if","locations":[{"start":{"line":153,"column":2},"end":{"line":178,"column":null}},{"start":{},"end":{}}],"line":153},"33":{"loc":{"start":{"line":156,"column":4},"end":{"line":157,"column":null}},"type":"if","locations":[{"start":{"line":156,"column":4},"end":{"line":157,"column":null}},{"start":{},"end":{}}],"line":156},"34":{"loc":{"start":{"line":156,"column":8},"end":{"line":156,"column":35}},"type":"binary-expr","locations":[{"start":{"line":156,"column":8},"end":{"line":156,"column":23}},{"start":{"line":156,"column":23},"end":{"line":156,"column":35}}],"line":156},"35":{"loc":{"start":{"line":165,"column":4},"end":{"line":166,"column":null}},"type":"if","locations":[{"start":{"line":165,"column":4},"end":{"line":166,"column":null}},{"start":{},"end":{}}],"line":165},"36":{"loc":{"start":{"line":169,"column":4},"end":{"line":170,"column":null}},"type":"if","locations":[{"start":{"line":169,"column":4},"end":{"line":170,"column":null}},{"start":{},"end":{}}],"line":169},"37":{"loc":{"start":{"line":169,"column":8},"end":{"line":169,"column":47}},"type":"binary-expr","locations":[{"start":{"line":169,"column":8},"end":{"line":169,"column":31}},{"start":{"line":169,"column":35},"end":{"line":169,"column":47}}],"line":169},"38":{"loc":{"start":{"line":182,"column":2},"end":{"line":192,"column":null}},"type":"if","locations":[{"start":{"line":182,"column":2},"end":{"line":192,"column":null}},{"start":{},"end":{}}],"line":182},"39":{"loc":{"start":{"line":189,"column":4},"end":{"line":189,"column":null}},"type":"if","locations":[{"start":{"line":189,"column":4},"end":{"line":189,"column":null}},{"start":{},"end":{}}],"line":189},"40":{"loc":{"start":{"line":229,"column":15},"end":{"line":229,"column":36}},"type":"binary-expr","locations":[{"start":{"line":229,"column":15},"end":{"line":229,"column":29}},{"start":{"line":229,"column":29},"end":{"line":229,"column":36}}],"line":229},"41":{"loc":{"start":{"line":231,"column":2},"end":{"line":231,"column":null}},"type":"if","locations":[{"start":{"line":231,"column":2},"end":{"line":231,"column":null}},{"start":{},"end":{}}],"line":231},"42":{"loc":{"start":{"line":232,"column":2},"end":{"line":232,"column":null}},"type":"if","locations":[{"start":{"line":232,"column":2},"end":{"line":232,"column":null}},{"start":{},"end":{}}],"line":232},"43":{"loc":{"start":{"line":233,"column":2},"end":{"line":233,"column":null}},"type":"if","locations":[{"start":{"line":233,"column":2},"end":{"line":233,"column":null}},{"start":{},"end":{}}],"line":233},"44":{"loc":{"start":{"line":243,"column":15},"end":{"line":243,"column":null}},"type":"binary-expr","locations":[{"start":{"line":243,"column":15},"end":{"line":243,"column":38}},{"start":{"line":243,"column":42},"end":{"line":243,"column":null}}],"line":243},"45":{"loc":{"start":{"line":244,"column":15},"end":{"line":244,"column":null}},"type":"binary-expr","locations":[{"start":{"line":244,"column":15},"end":{"line":244,"column":38}},{"start":{"line":244,"column":42},"end":{"line":244,"column":null}}],"line":244},"46":{"loc":{"start":{"line":245,"column":32},"end":{"line":245,"column":43}},"type":"binary-expr","locations":[{"start":{"line":245,"column":32},"end":{"line":245,"column":40}},{"start":{"line":245,"column":40},"end":{"line":245,"column":43}}],"line":245},"47":{"loc":{"start":{"line":245,"column":51},"end":{"line":245,"column":62}},"type":"binary-expr","locations":[{"start":{"line":245,"column":51},"end":{"line":245,"column":59}},{"start":{"line":245,"column":59},"end":{"line":245,"column":62}}],"line":245},"48":{"loc":{"start":{"line":250,"column":4},"end":{"line":250,"column":null}},"type":"if","locations":[{"start":{"line":250,"column":4},"end":{"line":250,"column":null}},{"start":{},"end":{}}],"line":250},"49":{"loc":{"start":{"line":260,"column":18},"end":{"line":260,"column":32}},"type":"binary-expr","locations":[{"start":{"line":260,"column":18},"end":{"line":260,"column":30}},{"start":{"line":260,"column":30},"end":{"line":260,"column":32}}],"line":260},"50":{"loc":{"start":{"line":261,"column":4},"end":{"line":261,"column":null}},"type":"if","locations":[{"start":{"line":261,"column":4},"end":{"line":261,"column":null}},{"start":{},"end":{}}],"line":261},"51":{"loc":{"start":{"line":262,"column":21},"end":{"line":262,"column":35}},"type":"binary-expr","locations":[{"start":{"line":262,"column":21},"end":{"line":262,"column":32}},{"start":{"line":262,"column":32},"end":{"line":262,"column":35}}],"line":262},"52":{"loc":{"start":{"line":268,"column":19},"end":{"line":268,"column":null}},"type":"binary-expr","locations":[{"start":{"line":268,"column":19},"end":{"line":268,"column":34}},{"start":{"line":268,"column":34},"end":{"line":268,"column":null}}],"line":268},"53":{"loc":{"start":{"line":272,"column":4},"end":{"line":276,"column":null}},"type":"if","locations":[{"start":{"line":272,"column":4},"end":{"line":276,"column":null}},{"start":{"line":273,"column":13},"end":{"line":276,"column":null}}],"line":272},"54":{"loc":{"start":{"line":273,"column":13},"end":{"line":276,"column":null}},"type":"if","locations":[{"start":{"line":273,"column":13},"end":{"line":276,"column":null}},{"start":{"line":274,"column":13},"end":{"line":276,"column":null}}],"line":273},"55":{"loc":{"start":{"line":274,"column":13},"end":{"line":276,"column":null}},"type":"if","locations":[{"start":{"line":274,"column":13},"end":{"line":276,"column":null}},{"start":{"line":275,"column":13},"end":{"line":276,"column":null}}],"line":274},"56":{"loc":{"start":{"line":275,"column":13},"end":{"line":276,"column":null}},"type":"if","locations":[{"start":{"line":275,"column":13},"end":{"line":276,"column":null}},{"start":{"line":276,"column":13},"end":{"line":276,"column":null}}],"line":275},"57":{"loc":{"start":{"line":276,"column":13},"end":{"line":276,"column":null}},"type":"if","locations":[{"start":{"line":276,"column":13},"end":{"line":276,"column":null}},{"start":{},"end":{}}],"line":276},"58":{"loc":{"start":{"line":282,"column":19},"end":{"line":282,"column":null}},"type":"cond-expr","locations":[{"start":{"line":282,"column":30},"end":{"line":282,"column":48}},{"start":{"line":282,"column":48},"end":{"line":282,"column":null}}],"line":282},"59":{"loc":{"start":{"line":285,"column":18},"end":{"line":285,"column":null}},"type":"cond-expr","locations":[{"start":{"line":285,"column":30},"end":{"line":285,"column":35}},{"start":{"line":285,"column":35},"end":{"line":285,"column":null}}],"line":285},"60":{"loc":{"start":{"line":319,"column":19},"end":{"line":319,"column":39}},"type":"binary-expr","locations":[{"start":{"line":319,"column":19},"end":{"line":319,"column":31}},{"start":{"line":319,"column":31},"end":{"line":319,"column":39}}],"line":319},"61":{"loc":{"start":{"line":320,"column":2},"end":{"line":320,"column":null}},"type":"if","locations":[{"start":{"line":320,"column":2},"end":{"line":320,"column":null}},{"start":{},"end":{}}],"line":320},"62":{"loc":{"start":{"line":320,"column":6},"end":{"line":320,"column":43}},"type":"binary-expr","locations":[{"start":{"line":320,"column":6},"end":{"line":320,"column":24}},{"start":{"line":320,"column":24},"end":{"line":320,"column":43}}],"line":320},"63":{"loc":{"start":{"line":321,"column":2},"end":{"line":321,"column":null}},"type":"if","locations":[{"start":{"line":321,"column":2},"end":{"line":321,"column":null}},{"start":{},"end":{}}],"line":321},"64":{"loc":{"start":{"line":322,"column":2},"end":{"line":322,"column":null}},"type":"if","locations":[{"start":{"line":322,"column":2},"end":{"line":322,"column":null}},{"start":{},"end":{}}],"line":322},"65":{"loc":{"start":{"line":323,"column":2},"end":{"line":323,"column":null}},"type":"if","locations":[{"start":{"line":323,"column":2},"end":{"line":323,"column":null}},{"start":{},"end":{}}],"line":323},"66":{"loc":{"start":{"line":329,"column":2},"end":{"line":329,"column":null}},"type":"if","locations":[{"start":{"line":329,"column":2},"end":{"line":329,"column":null}},{"start":{},"end":{}}],"line":329},"67":{"loc":{"start":{"line":335,"column":2},"end":{"line":336,"column":null}},"type":"if","locations":[{"start":{"line":335,"column":2},"end":{"line":336,"column":null}},{"start":{},"end":{}}],"line":335},"68":{"loc":{"start":{"line":353,"column":18},"end":{"line":353,"column":32}},"type":"binary-expr","locations":[{"start":{"line":353,"column":18},"end":{"line":353,"column":30}},{"start":{"line":353,"column":30},"end":{"line":353,"column":32}}],"line":353},"69":{"loc":{"start":{"line":354,"column":4},"end":{"line":354,"column":null}},"type":"if","locations":[{"start":{"line":354,"column":4},"end":{"line":354,"column":null}},{"start":{},"end":{}}],"line":354},"70":{"loc":{"start":{"line":362,"column":2},"end":{"line":373,"column":null}},"type":"if","locations":[{"start":{"line":362,"column":2},"end":{"line":373,"column":null}},{"start":{},"end":{}}],"line":362},"71":{"loc":{"start":{"line":397,"column":2},"end":{"line":397,"column":null}},"type":"if","locations":[{"start":{"line":397,"column":2},"end":{"line":397,"column":null}},{"start":{},"end":{}}],"line":397},"72":{"loc":{"start":{"line":398,"column":2},"end":{"line":398,"column":null}},"type":"if","locations":[{"start":{"line":398,"column":2},"end":{"line":398,"column":null}},{"start":{},"end":{}}],"line":398},"73":{"loc":{"start":{"line":399,"column":2},"end":{"line":399,"column":null}},"type":"if","locations":[{"start":{"line":399,"column":2},"end":{"line":399,"column":null}},{"start":{},"end":{}}],"line":399},"74":{"loc":{"start":{"line":409,"column":18},"end":{"line":409,"column":32}},"type":"binary-expr","locations":[{"start":{"line":409,"column":18},"end":{"line":409,"column":30}},{"start":{"line":409,"column":30},"end":{"line":409,"column":32}}],"line":409},"75":{"loc":{"start":{"line":409,"column":48},"end":{"line":409,"column":75}},"type":"binary-expr","locations":[{"start":{"line":409,"column":48},"end":{"line":409,"column":53}},{"start":{"line":409,"column":53},"end":{"line":409,"column":75}}],"line":409},"76":{"loc":{"start":{"line":411,"column":22},"end":{"line":411,"column":null}},"type":"cond-expr","locations":[{"start":{"line":411,"column":44},"end":{"line":411,"column":48}},{"start":{"line":411,"column":48},"end":{"line":411,"column":null}}],"line":411},"77":{"loc":{"start":{"line":414,"column":2},"end":{"line":418,"column":null}},"type":"if","locations":[{"start":{"line":414,"column":2},"end":{"line":418,"column":null}},{"start":{},"end":{}}],"line":414},"78":{"loc":{"start":{"line":414,"column":6},"end":{"line":414,"column":41}},"type":"binary-expr","locations":[{"start":{"line":414,"column":6},"end":{"line":414,"column":19}},{"start":{"line":414,"column":19},"end":{"line":414,"column":41}}],"line":414},"79":{"loc":{"start":{"line":422,"column":48},"end":{"line":422,"column":66}},"type":"binary-expr","locations":[{"start":{"line":422,"column":48},"end":{"line":422,"column":63}},{"start":{"line":422,"column":63},"end":{"line":422,"column":66}}],"line":422},"80":{"loc":{"start":{"line":425,"column":36},"end":{"line":425,"column":50}},"type":"binary-expr","locations":[{"start":{"line":425,"column":36},"end":{"line":425,"column":48}},{"start":{"line":425,"column":48},"end":{"line":425,"column":50}}],"line":425},"81":{"loc":{"start":{"line":431,"column":53},"end":{"line":431,"column":100}},"type":"cond-expr","locations":[{"start":{"line":431,"column":71},"end":{"line":431,"column":75}},{"start":{"line":431,"column":75},"end":{"line":431,"column":100}}],"line":431},"82":{"loc":{"start":{"line":431,"column":75},"end":{"line":431,"column":100}},"type":"cond-expr","locations":[{"start":{"line":431,"column":93},"end":{"line":431,"column":97}},{"start":{"line":431,"column":97},"end":{"line":431,"column":100}}],"line":431},"83":{"loc":{"start":{"line":441,"column":55},"end":{"line":441,"column":70}},"type":"binary-expr","locations":[{"start":{"line":441,"column":55},"end":{"line":441,"column":68}},{"start":{"line":441,"column":68},"end":{"line":441,"column":70}}],"line":441},"84":{"loc":{"start":{"line":455,"column":2},"end":{"line":455,"column":null}},"type":"if","locations":[{"start":{"line":455,"column":2},"end":{"line":455,"column":null}},{"start":{},"end":{}}],"line":455},"85":{"loc":{"start":{"line":456,"column":2},"end":{"line":456,"column":null}},"type":"if","locations":[{"start":{"line":456,"column":2},"end":{"line":456,"column":null}},{"start":{},"end":{}}],"line":456},"86":{"loc":{"start":{"line":471,"column":2},"end":{"line":471,"column":null}},"type":"if","locations":[{"start":{"line":471,"column":2},"end":{"line":471,"column":null}},{"start":{},"end":{}}],"line":471},"87":{"loc":{"start":{"line":472,"column":2},"end":{"line":472,"column":null}},"type":"if","locations":[{"start":{"line":472,"column":2},"end":{"line":472,"column":null}},{"start":{},"end":{}}],"line":472},"88":{"loc":{"start":{"line":484,"column":13},"end":{"line":484,"column":null}},"type":"cond-expr","locations":[{"start":{"line":484,"column":25},"end":{"line":484,"column":34}},{"start":{"line":484,"column":34},"end":{"line":484,"column":null}}],"line":484},"89":{"loc":{"start":{"line":484,"column":34},"end":{"line":484,"column":null}},"type":"cond-expr","locations":[{"start":{"line":484,"column":47},"end":{"line":484,"column":60}},{"start":{"line":484,"column":60},"end":{"line":484,"column":null}}],"line":484},"90":{"loc":{"start":{"line":484,"column":60},"end":{"line":484,"column":null}},"type":"cond-expr","locations":[{"start":{"line":484,"column":73},"end":{"line":484,"column":82}},{"start":{"line":484,"column":82},"end":{"line":484,"column":null}}],"line":484},"91":{"loc":{"start":{"line":495,"column":2},"end":{"line":496,"column":null}},"type":"if","locations":[{"start":{"line":495,"column":2},"end":{"line":496,"column":null}},{"start":{"line":496,"column":11},"end":{"line":496,"column":null}}],"line":495},"92":{"loc":{"start":{"line":496,"column":11},"end":{"line":496,"column":null}},"type":"if","locations":[{"start":{"line":496,"column":11},"end":{"line":496,"column":null}},{"start":{},"end":{}}],"line":496},"93":{"loc":{"start":{"line":497,"column":2},"end":{"line":498,"column":null}},"type":"if","locations":[{"start":{"line":497,"column":2},"end":{"line":498,"column":null}},{"start":{"line":498,"column":11},"end":{"line":498,"column":null}}],"line":497},"94":{"loc":{"start":{"line":498,"column":11},"end":{"line":498,"column":null}},"type":"if","locations":[{"start":{"line":498,"column":11},"end":{"line":498,"column":null}},{"start":{},"end":{}}],"line":498},"95":{"loc":{"start":{"line":499,"column":12},"end":{"line":499,"column":45}},"type":"binary-expr","locations":[{"start":{"line":499,"column":12},"end":{"line":499,"column":40}},{"start":{"line":499,"column":40},"end":{"line":499,"column":45}}],"line":499},"96":{"loc":{"start":{"line":500,"column":2},"end":{"line":501,"column":null}},"type":"if","locations":[{"start":{"line":500,"column":2},"end":{"line":501,"column":null}},{"start":{"line":501,"column":11},"end":{"line":501,"column":null}}],"line":500},"97":{"loc":{"start":{"line":501,"column":11},"end":{"line":501,"column":null}},"type":"if","locations":[{"start":{"line":501,"column":11},"end":{"line":501,"column":null}},{"start":{},"end":{}}],"line":501}},"s":{"0":3432,"1":1568,"2":4058,"3":0,"4":4058,"5":4058,"6":4058,"7":8427,"8":8427,"9":0,"10":8427,"11":8427,"12":8427,"13":4058,"14":507,"15":507,"16":507,"17":2537,"18":2537,"19":0,"20":2537,"21":507,"22":2030,"23":0,"24":2030,"25":2030,"26":0,"27":2030,"28":0,"29":0,"30":2030,"31":0,"32":0,"33":0,"34":0,"35":0,"36":0,"37":0,"38":0,"39":0,"40":0,"41":0,"42":0,"43":0,"44":0,"45":0,"46":0,"47":0,"48":0,"49":0,"50":0,"51":0,"52":0,"53":0,"54":0,"55":510,"56":1054,"57":510,"58":501,"59":1,"60":509,"61":509,"62":1054,"63":1054,"64":1054,"65":1054,"66":0,"67":1054,"68":509,"69":1054,"70":509,"71":9,"72":9,"73":9,"74":54,"75":9,"76":2,"77":7,"78":509,"79":552,"80":509,"81":509,"82":1,"83":508,"84":508,"85":1060,"86":508,"87":1060,"88":552,"89":508,"90":508,"91":508,"92":1,"93":1,"94":1,"95":1,"96":1,"97":1,"98":1,"99":507,"100":507,"101":507,"102":507,"103":510,"104":2,"105":507,"106":0,"107":0,"108":0,"109":0,"110":0,"111":0,"112":0,"113":0,"114":0,"115":0,"116":0,"117":0,"118":0,"119":0,"120":0,"121":0,"122":0,"123":0,"124":507,"125":507,"126":0,"127":0,"128":0,"129":0,"130":0,"131":0,"132":0,"133":0,"134":507,"135":1,"136":1,"137":1,"138":0,"139":1,"140":0,"141":1,"142":1,"143":0,"144":1,"145":1,"146":1,"147":1,"148":1,"149":1,"150":2,"151":0,"152":2,"153":1,"154":1,"155":1,"156":1,"157":1,"158":1,"159":1,"160":0,"161":1,"162":1,"163":1,"164":0,"165":1,"166":0,"167":1,"168":1,"169":0,"170":0,"171":0,"172":0,"173":1,"174":1,"175":1,"176":1,"177":1,"178":1,"179":1,"180":1,"181":273,"182":273,"183":103,"184":170,"185":170,"186":103,"187":103,"188":43,"189":43,"190":0,"191":50,"192":50,"193":0,"194":50,"195":50,"196":50,"197":
[...]
d":{"line":77,"column":65}},{"start":{"line":77,"column":65},"end":{"line":77,"column":95}}],"line":77},"15":{"loc":{"start":{"line":84,"column":12},"end":{"line":84,"column":null}},"type":"cond-expr","locations":[{"start":{"line":84,"column":51},"end":{"line":84,"column":60}},{"start":{"line":84,"column":60},"end":{"line":84,"column":null}}],"line":84},"16":{"loc":{"start":{"line":84,"column":12},"end":{"line":84,"column":51}},"type":"binary-expr","locations":[{"start":{"line":84,"column":12},"end":{"line":84,"column":20}},{"start":{"line":84,"column":20},"end":{"line":84,"column":51}}],"line":84},"17":{"loc":{"start":{"line":85,"column":13},"end":{"line":85,"column":null}},"type":"cond-expr","locations":[{"start":{"line":85,"column":20},"end":{"line":85,"column":39}},{"start":{"line":85,"column":39},"end":{"line":85,"column":null}}],"line":85},"18":{"loc":{"start":{"line":91,"column":12},"end":{"line":91,"column":null}},"type":"cond-expr","locations":[{"start":{"line":91,"column":25},"end":{"line":91,"column":34}},{"start":{"line":91,"column":34},"end":{"line":91,"column":null}}],"line":91},"19":{"loc":{"start":{"line":91,"column":34},"end":{"line":91,"column":null}},"type":"cond-expr","locations":[{"start":{"line":91,"column":45},"end":{"line":91,"column":54}},{"start":{"line":91,"column":54},"end":{"line":91,"column":null}}],"line":91},"20":{"loc":{"start":{"line":97,"column":21},"end":{"line":99,"column":null}},"type":"cond-expr","locations":[{"start":{"line":97,"column":21},"end":{"line":98,"column":null}},{"start":{"line":99,"column":8},"end":{"line":99,"column":null}}],"line":97},"21":{"loc":{"start":{"line":102,"column":14},"end":{"line":108,"column":null}},"type":"cond-expr","locations":[{"start":{"line":103,"column":10},"end":{"line":107,"column":null}},{"start":{"line":108,"column":10},"end":{"line":108,"column":null}}],"line":102},"22":{"loc":{"start":{"line":103,"column":10},"end":{"line":107,"column":null}},"type":"cond-expr","locations":[{"start":{"line":104,"column":12},"end":{"line":104,"column":null}},{"start":{"line":105,"column":12},"end":{"line":107,"column":null}}],"line":103},"23":{"loc":{"start":{"line":105,"column":12},"end":{"line":107,"column":null}},"type":"cond-expr","locations":[{"start":{"line":106,"column":14},"end":{"line":106,"column":null}},{"start":{"line":107,"column":14},"end":{"line":107,"column":null}}],"line":105},"24":{"loc":{"start":{"line":109,"column":15},"end":{"line":111,"column":null}},"type":"cond-expr","locations":[{"start":{"line":110,"column":10},"end":{"line":110,"column":null}},{"start":{"line":111,"column":10},"end":{"line":111,"column":null}}],"line":109},"25":{"loc":{"start":{"line":127,"column":16},"end":{"line":127,"column":null}},"type":"binary-expr","locations":[{"start":{"line":127,"column":16},"end":{"line":127,"column":42}},{"start":{"line":127,"column":42},"end":{"line":127,"column":null}}],"line":127},"26":{"loc":{"start":{"line":134,"column":4},"end":{"line":148,"column":null}},"type":"if","locations":[{"start":{"line":134,"column":4},"end":{"line":148,"column":null}},{"start":{"line":143,"column":15},"end":{"line":148,"column":null}}],"line":134},"27":{"loc":{"start":{"line":136,"column":6},"end":{"line":141,"column":null}},"type":"if","locations":[{"start":{"line":136,"column":6},"end":{"line":141,"column":null}},{"start":{"line":140,"column":13},"end":{"line":141,"column":null}}],"line":136},"28":{"loc":{"start":{"line":138,"column":8},"end":{"line":138,"column":null}},"type":"if","locations":[{"start":{"line":138,"column":8},"end":{"line":138,"column":null}},{"start":{},"end":{}}],"line":138},"29":{"loc":{"start":{"line":143,"column":15},"end":{"line":148,"column":null}},"type":"if","locations":[{"start":{"line":143,"column":15},"end":{"line":148,"column":null}},{"start":{"line":146,"column":11},"end":{"line":148,"column":null}}],"line":143},"30":{"loc":{"start":{"line":165,"column":4},"end":{"line":185,"column":null}},"type":"if","locations":[{"start":{"line":165,"column":4},"end":{"line":185,"column":null}},{"start":{"line":167,"column":15},"end":{"line":185,"column":null}}],"line":165},"31":{"loc":{"start":{"line":165,"column":8},"end":{"line":165,"column":60}},"type":"binary-expr","locations":[{"start":{"line":165,"column":8},"end":{"line":165,"column":17}},{"start":{"line":165,"column":17},"end":{"line":165,"column":37}},{"start":{"line":165,"column":41},"end":{"line":165,"column":60}}],"line":165},"32":{"loc":{"start":{"line":167,"column":15},"end":{"line":185,"column":null}},"type":"if","locations":[{"start":{"line":167,"column":15},"end":{"line":185,"column":null}},{"start":{"line":169,"column":11},"end":{"line":185,"column":null}}],"line":167},"33":{"loc":{"start":{"line":174,"column":20},"end":{"line":174,"column":52}},"type":"binary-expr","locations":[{"start":{"line":174,"column":20},"end":{"line":174,"column":41}},{"start":{"line":174,"column":41},"end":{"line":174,"column":52}}],"line":174},"34":{"loc":{"start":{"line":175,"column":8},"end":{"line":175,"column":null}},"type":"if","locations":[{"start":{"line":175,"column":8},"end":{"line":175,"column":null}},{"start":{},"end":{}}],"line":175},"35":{"loc":{"start":{"line":177,"column":18},"end":{"line":177,"column":null}},"type":"cond-expr","locations":[{"start":{"line":177,"column":27},"end":{"line":177,"column":47}},{"start":{"line":177,"column":47},"end":{"line":177,"column":null}}],"line":177},"36":{"loc":{"start":{"line":179,"column":6},"end":{"line":180,"column":null}},"type":"if","locations":[{"start":{"line":179,"column":6},"end":{"line":180,"column":null}},{"start":{"line":180,"column":15},"end":{"line":180,"column":null}}],"line":179},"37":{"loc":{"start":{"line":180,"column":15},"end":{"line":180,"column":null}},"type":"if","locations":[{"start":{"line":180,"column":15},"end":{"line":180,"column":null}},{"start":{},"end":{}}],"line":180},"38":{"loc":{"start":{"line":200,"column":16},"end":{"line":200,"column":null}},"type":"binary-expr","locations":[{"start":{"line":200,"column":16},"end":{"line":200,"column":38}},{"start":{"line":200,"column":38},"end":{"line":200,"column":null}}],"line":200},"39":{"loc":{"start":{"line":202,"column":17},"end":{"line":202,"column":null}},"type":"cond-expr","locations":[{"start":{"line":202,"column":30},"end":{"line":202,"column":53}},{"start":{"line":202,"column":53},"end":{"line":202,"column":null}}],"line":202},"40":{"loc":{"start":{"line":202,"column":17},"end":{"line":202,"column":30}},"type":"binary-expr","locations":[{"start":{"line":202,"column":17},"end":{"line":202,"column":24}},{"start":{"line":202,"column":24},"end":{"line":202,"column":30}}],"line":202},"41":{"loc":{"start":{"line":202,"column":30},"end":{"line":202,"column":53}},"type":"cond-expr","locations":[{"start":{"line":202,"column":41},"end":{"line":202,"column":47}},{"start":{"line":202,"column":47},"end":{"line":202,"column":53}}],"line":202},"42":{"loc":{"start":{"line":202,"column":53},"end":{"line":202,"column":null}},"type":"binary-expr","locations":[{"start":{"line":202,"column":53},"end":{"line":202,"column":60}},{"start":{"line":202,"column":60},"end":{"line":202,"column":null}}],"line":202},"43":{"loc":{"start":{"line":203,"column":4},"end":{"line":208,"column":null}},"type":"if","locations":[{"start":{"line":203,"column":4},"end":{"line":208,"column":null}},{"start":{"line":205,"column":11},"end":{"line":208,"column":null}}],"line":203},"44":{"loc":{"start":{"line":207,"column":38},"end":{"line":207,"column":null}},"type":"cond-expr","locations":[{"start":{"line":207,"column":49},"end":{"line":207,"column":58}},{"start":{"line":207,"column":58},"end":{"line":207,"column":null}}],"line":207},"45":{"loc":{"start":{"line":207,"column":58},"end":{"line":207,"column":null}},"type":"cond-expr","locations":[{"start":{"line":207,"column":70},"end":{"line":207,"column":79}},{"start":{"line":207,"column":79},"end":{"line":207,"column":null}}],"line":207},"46":{"loc":{"start":{"line":216,"column":18},"end":{"line":216,"column":null}},"type":"cond-expr","locations":[{"start":{"line":216,"column":36},"end":{"line":216,"column":63}},{"start":{"line":216,"column":63},"end":{"line":216,"column":null}}],"line":216},"47":{"loc":{"start":{"line":217,"column":36},"end":{"line":217,"column":null}},"type":"cond-expr","locations":[{"start":{"line":217,"column":50},"end":{"line":217,"column":59}},{"start":{"line":217,"column":59},"end":{"line":217,"column":null}}],"line":217},"48":{"loc":{"start":{"line":217,"column":59},"end":{"line":217,"column":null}},"type":"cond-expr","locations":[{"start":{"line":217,"column":73},"end":{"line":217,"column":82}},{"start":{"line":217,"column":82},"end":{"line":217,"column":null}}],"line":217}},"s":{"0":8,"1":1,"2":1,"3":11,"4":1,"5":2,"6":2,"7":2,"8":1,"9":1,"10":1,"11":1,"12":1,"13":2,"14":2,"15":2,"16":1,"17":2,"18":0,"19":1,"20":1,"21":2,"22":2,"23":1,"24":2,"25":1,"26":2,"27":2,"28":1,"29":2,"30":0,"31":1,"32":1,"33":1,"34":1,"35":1,"36":1,"37":1,"38":2,"39":2,"40":2,"41":2,"42":2,"43":2,"44":1,"45":1,"46":1,"47":1,"48":0,"49":1,"50":0,"51":0,"52":0,"53":0,"54":0,"55":0,"56":1,"57":0,"58":1,"59":1,"60":1,"61":1,"62":1,"63":1,"64":1,"65":2,"66":1,"67":0,"68":0,"69":0,"70":0,"71":0,"72":0,"73":0,"74":0,"75":0,"76":0,"77":0,"78":0,"79":0,"80":0,"81":0,"82":0,"83":0,"84":1,"85":1,"86":1,"87":1,"88":2,"89":2,"90":2,"91":0,"92":1,"93":1,"94":1,"95":0,"96":1,"97":1,"98":1,"99":2,"100":2,"101":0,"102":1,"103":12,"104":1,"105":12,"106":1,"107":1},"f":{"0":1,"1":11,"2":2,"3":12,"4":12},"b":{"0":[1,0],"1":[1,0],"2":[1,0],"3":[0,0],"4":[1,0],"5":[1,0],"6":[1,0],"7":[1,0],"8":[0,0],"9":[1,0],"10":[0,1],"11":[1,0],"12":[0,1],"13":[0,1],"14":[2,1,1],"15":[0,1],"16":[1,1],"17":[1,0],"18":[1,0],"19":[0,0],"20":[1,0],"21":[1,0],"22":[1,0],"23":[0,0],"24":[1,0],"25":[1,1],"26":[1,0],"27":[1,0],"28":[0,1],"29":[0,0],"30":[1,0],"31":[2,1,0],"32":[0,0],"33":[0,0],"34":[0,0],"35":[0,0],"36":[0,0],"37":[0,0],"38":[1,0],"39":[0,1],"40":[2,1],"41":[0,0],"42":[1,0],"43":[0,1],"44":[1,0],"45":[0,0],"46":[1,0],"47":[1,0],"48":[0,0]},"meta":{"lastBranch":49,"lastFunction":5,"lastStatement":108,"seen":{"s:6:34:6:Infinity":0,"f:9:9:9:32":0,"s:10:36:22:Infinity":1,"s:23:30:29:Infinity":2,"f:25:12:25:17":1,"s:25:27:29:7":3,"s:31:2:31:Infinity":4,"f:34:22:34:94":2,"s:35:30:35:32":5,"s:37:2:42:Infinity":6,"s:38:4:38:Infinity":7,"s:39:4:39:Infinity":8,"s:41:16:41:Infinity":9,"b:41:37:41:49:41:49:41:Infinity":0,"s:42:4:42:Infinity":10,"s:45:13:48:4":11,"s:49:17:49:Infinity":12,"b:49:17:49:72:49:72:49:Infinity":1,"s:50:2:54:Infinity":13,"b:52:26:52:35:52:35:52:Infinity":2,"b:52:49:52:58:52:58:52:Infinity":3,"b:53:18:53:59:53:59:53:Infinity":4,"s:56:2:65:Infinity":14,"s:57:16:57:80":15,"s:58:23:58:Infinity":16,"b:58:23:58:76:58:76:58:Infinity":5,"s:59:4:63:Infinity":17,"b:61:21:61:84:61:84:61:Infinity":6,"b:61:38:61:47:61:47:61:84":7,"b:61:65:61:74:61:74:61:84":8,"b:62:21:62:60:62:60:62:Infinity":9,"s:65:4:65:Infinity":18,"s:68:12:68:45":19,"s:69:2:73:Infinity":20,"b:71:41:71:50:71:50:71:Infinity":10,"b:71:12:71:27:71:27:71:41":11,"b:72:27:72:40:72:40:72:Infinity":12,"s:75:2:79:Infinity":21,"b:77:95:77:104:77:104:77:Infinity":13,"b:77:13:77:46:77:46:77:65:77:65:77:95":14,"s:81:15:81:80":22,"s:82:2:86:Infinity":23,"b:84:51:84:60:84:60:84:Infinity":15,"b:84:12:84:20:84:20:84:51":16,"b:85:20:85:39:85:39:85:Infinity":17,"s:88:15:88:53":24,"s:89:2:93:Infinity":25,"b:91:25:91:34:91:34:91:Infinity":18,"b:91:45:91:54:91:54:91:Infinity":19,"s:95:2:114:Infinity":26,"s:96:21:96:83":27,"s:97:21:99:Infinity":28,"b:97:21:98:Infinity:99:8:99:Infinity":20,"s:100:4:112:Infinity":29,"b:103:10:107:Infinity:108:10:108:Infinity":21,"b:104:12:104:Infinity:105:12:107:Infinity":22,"b:106:14:106:Infinity:107:14:107:Infinity":23,"b:110:10:110:Infinity:111:10:111:Infinity":24,"s:114:4:114:Infinity":30,"s:118:2:152:Infinity":31,"s:119:15:119:Infinity":32,"s:120:14:120:24":33,"s:121:22:121:Infinity":34,"s:122:17:125:6":35,"s:126:17:126:82":36,"s:127:16:127:Infinity":37,"b:127:16:127:42:127:42:127:Infinity":25,"s:128:22:128:75":38,"s:129:16:129:35":39,"s:130:23:130:Infinity":40,"s:132:34:132:Infinity":41,"s:133:14:133:Infinity":42,"b:134:4:148:Infinity:143:15:148:Infinity":26,"s:134:4:148:Infinity":43,"s:135:6:135:Infinity":44,"b:136:6:141:Infinity:140:13:141:Infinity":27,"s:136:6:141:Infinity":45,"s:137:14:137:Infinity":46,"b:138:8:138:Infinity:undefined:undefined:undefined:undefined":28,"s:138:8:138:Infinity":47,"s:138:22:138:Infinity":48,"s:139:8:139:Infinity":49,"s:141:8:141:Infinity":50,"b:143:15:148:Infinity:146:11:148:Infinity":29,"s:143:15:148:Infinity":51,"s:144:6:144:Infinity":52,"s:145:6:145:Infinity":53,"s:147:6:147:Infinity":54,"s:148:6:148:Infinity":55,"s:150:4:150:Infinity":56,"s:152:4:152:Infinity":57,"s:155:2:188:Infinity":58,"s:156:14:156:24":59,"s:157:22:157:Infinity":60,"s:158:22:158:88":61,"s:159:16:159:35":62,"s:160:17:163:6":63,"s:164:18:164:Infinity":64,"b:165:4:185:Infinity:167:15:185:Infinity":30,"s:165:4:185:Infinity":65,"b:165:8:165:17:165:17:165:37:165:41:165:60":31,"s:166:6:166:Infinity":66,"b:167:15:185:Infinity:169:11:185:Infinity":32,"s:167:15:185:Infinity":67,"s:168:6:168:Infinity":68,"s:170:14:170:Infinity":69,"s:171:19:171:Infinity":70,"s:172:6:175:Infinity":71,"s:173:8:173:Infinity":72,"s:174:14:174:65":73,"b:174:20:174:41:174:41:174:52":33,"b:175:8:175:Infinity:undefined:undefined:undefined:undefined":34,"s:175:8:175:Infinity":74,"s:175:30:175:Infinity":75,"s:177:18:177:Infinity":76,"b:177:27:177:47:177:47:177:Infinity":35,"s:178:36:178:Infinity":77,"b:179:6:180:Infinity:180:15:180:Infinity":36,"s:179:6:180:Infinity":78,"s:179:20:179:Infinity":79,"b:180:15:180:Infinity:undefined:undefined:undefined:undefined":37,"s:180:15:180:Infinity":80,"s:180:26:180:Infinity":81,"s:181:6:185:Infinity":82,"s:188:4:188:Infinity":83,"s:191:2:211:Infinity":84,"s:192:15:195:6":85,"s:196:20:199:6":86,"s:200:16:200:Infinity":87,"b:200:16:200:38:200:38:200:Infinity":38,"s:201:15:201:Infinity":88,"s:202:17:202:Infinity":89,"b:202:30:202:53:202:53:202:Infinity":39,"b:202:17:202:24:202:24:202:30":40,"b:202:41:202:47:202:47:202:53":41,"b:202:53:202:60:202:60:202:Infinity":42,"b:203:4:208:Infinity:205:11:208:Infinity":43,"s:203:4:208:Infinity":90,"s:204:6:204:Infinity":91,"s:206:12:206:Infinity":92,"s:207:38:207:Infinity":93,"b:207:49:207:58:207:58:207:Infinity":44,"b:207:70:207:79:207:79:207:Infinity":45,"s:208:6:208:Infinity":94,"s:211:4:211:Infinity":95,"s:214:2:224:Infinity":96,"s:215:14:215:35":97,"s:216:18:216:Infinity":98,"b:216:36:216:63:216:63:216:Infinity":46,"s:217:36:217:Infinity":99,"b:217:50:217:59:217:59:217:Infinity":47,"b:217:73:217:82:217:82:217:Infinity":48,"s:218:4:222:Infinity":100,"s:224:4:224:Infinity":101,"s:227:15:227:Infinity":102,"f:227:22:227:30":3,"s:227:36:227:56":103,"s:228:15:228:Infinity":104,"f:228:22:228:30":4,"s:228:36:228:56":105,"s:229:19:229:75":106,"s:231:2:231:Infinity":107}}}
,"C:\\Users\\142052\\OneDrive - Garrett Advancing Motion\\Documents\\Cursor Project\\artha-v4\\src\\lib\\indiaTax.ts": {"path":"C:\\Users\\142052\\OneDrive - Garrett Advancing Motion\\Documents\\Cursor Project\\artha-v4\\src\\lib\\indiaTax.ts","statementMap":{"0":{"start":{"line":12,"column":12},"end":{"line":12,"column":32}},"1":{"start":{"line":13,"column":18},"end":{"line":13,"column":47}},"2":{"start":{"line":14,"column":2},"end":{"line":14,"column":null}},"3":{"start":{"line":18,"column":14},"end":{"line":18,"column":37}},"4":{"start":{"line":19,"column":8},"end":{"line":19,"column":56}},"5":{"start":{"line":20,"column":2},"end":{"line":24,"column":null}},"6":{"start":{"line":21,"column":20},"end":{"line":21,"column":48}},"7":{"start":{"line":22,"column":4},"end":{"line":22,"column":null}},"8":{"start":{"line":23,"column":17},"end":{"line":23,"column":87}},"9":{"start":{"line":24,"column":4},"end":{"line":24,"column":null}},"10":{"start":{"line":24,"column":18},"end":{"line":24,"column":null}},"11":{"start":{"line":26,"column":2},"end":{"line":27,"column":null}},"12":{"start":{"line":27,"column":4},"end":{"line":27,"column":null}},"13":{"start":{"line":29,"column":8},"end":{"line":29,"column":null}},"14":{"start":{"line":30,"column":2},"end":{"line":30,"column":null}},"15":{"start":{"line":30,"column":23},"end":{"line":30,"column":null}},"16":{"start":{"line":31,"column":12},"end":{"line":31,"column":50}},"17":{"start":{"line":32,"column":2},"end":{"line":32,"column":null}}},"fnMap":{"0":{"name":"equityLtcgTaxInr","decl":{"start":{"line":11,"column":16},"end":{"line":11,"column":33}},"loc":{"start":{"line":11,"column":96},"end":{"line":14,"column":null}},"line":11},"1":{"name":"indiaMfTaxBadge","decl":{"start":{"line":17,"column":16},"end":{"line":17,"column":32}},"loc":{"start":{"line":17,"column":110},"end":{"line":32,"column":null}},"line":17}},"branchMap":{"0":{"loc":{"start":{"line":11,"column":50},"end":{"line":11,"column":74}},"type":"default-arg","locations":[{"start":{"line":11,"column":65},"end":{"line":11,"column":74}}],"line":11},"1":{"loc":{"start":{"line":11,"column":74},"end":{"line":11,"column":96}},"type":"default-arg","locations":[{"start":{"line":11,"column":81},"end":{"line":11,"column":96}}],"line":11},"2":{"loc":{"start":{"line":18,"column":14},"end":{"line":18,"column":37}},"type":"binary-expr","locations":[{"start":{"line":18,"column":14},"end":{"line":18,"column":27}},{"start":{"line":18,"column":27},"end":{"line":18,"column":37}}],"line":18},"3":{"loc":{"start":{"line":19,"column":15},"end":{"line":19,"column":43}},"type":"binary-expr","locations":[{"start":{"line":19,"column":15},"end":{"line":19,"column":33}},{"start":{"line":19,"column":33},"end":{"line":19,"column":43}}],"line":19},"4":{"loc":{"start":{"line":20,"column":2},"end":{"line":24,"column":null}},"type":"if","locations":[{"start":{"line":20,"column":2},"end":{"line":24,"column":null}},{"start":{},"end":{}}],"line":20},"5":{"loc":{"start":{"line":24,"column":4},"end":{"line":24,"column":null}},"type":"if","locations":[{"start":{"line":24,"column":4},"end":{"line":24,"column":null}},{"start":{},"end":{}}],"line":24},"6":{"loc":{"start":{"line":26,"column":2},"end":{"line":27,"column":null}},"type":"if","locations":[{"start":{"line":26,"column":2},"end":{"line":27,"column":null}},{"start":{},"end":{}}],"line":26},"7":{"loc":{"start":{"line":26,"column":6},"end":{"line":26,"column":92}},"type":"binary-expr","locations":[{"start":{"line":26,"column":6},"end":{"line":26,"column":26}},{"start":{"line":26,"column":30},"end":{"line":26,"column":50}},{"start":{"line":26,"column":54},"end":{"line":26,"column":72}},{"start":{"line":26,"column":72},"end":{"line":26,"column":92}}],"line":26},"8":{"loc":{"start":{"line":30,"column":2},"end":{"line":30,"column":null}},"type":"if","locations":[{"start":{"line":30,"column":2},"end":{"line":30,"column":null}},{"start":{},"end":{}}],"line":30}},"s":{"0":3,"1":3,"2":3,"3":4,"4":4,"5":4,"6":1,"7":1,"8":1,"9":1,"10":1,"11":3,"12":1,"13":2,"14":2,"15":2,"16":1,"17":1},"f":{"0":3,"1":4},"b":{"0":[3],"1":[3],"2":[4,1],"3":[4,0],"4":[1,3],"5":[1,0],"6":[1,2],"7":[3,2,2,2],"8":[1,1]},"meta":{"lastBranch":9,"lastFunction":2,"lastStatement":18,"seen":{"f:11:16:11:33":0,"b:11:65:11:74":0,"b:11:81:11:96":1,"s:12:12:12:32":0,"s:13:18:13:47":1,"s:14:2:14:Infinity":2,"f:17:16:17:32":1,"s:18:14:18:37":3,"b:18:14:18:27:18:27:18:37":2,"s:19:8:19:56":4,"b:19:15:19:33:19:33:19:43":3,"b:20:2:24:Infinity:undefined:undefined:undefined:undefined":4,"s:20:2:24:Infinity":5,"s:21:20:21:48":6,"s:22:4:22:Infinity":7,"s:23:17:23:87":8,"b:24:4:24:Infinity:undefined:undefined:undefined:undefined":5,"s:24:4:24:Infinity":9,"s:24:18:24:Infinity":10,"b:26:2:27:Infinity:undefined:undefined:undefined:undefined":6,"s:26:2:27:Infinity":11,"b:26:6:26:26:26:30:26:50:26:54:26:72:26:72:26:92":7,"s:27:4:27:Infinity":12,"s:29:8:29:Infinity":13,"b:30:2:30:Infinity:undefined:undefined:undefined:undefined":8,"s:30:2:30:Infinity":14,"s:30:23:30:Infinity":15,"s:31:12:31:50":16,"s:32:2:32:Infinity":17}}}
}
